[2024-04-04 15:09:29] This is codeql database create --db-cluster --language ruby,javascript-typescript multi-db
[2024-04-04 15:09:29] Log file was started late.
[2024-04-04 15:09:29] [PROGRESS] database create> Initializing databases at /home/frosty/Code/CodeOSS/test-checkmarx-data-project/multi-db.
[2024-04-04 15:09:29] Running plumbing command: codeql database init --db-cluster --language=ruby,javascript-typescript --extractor-options-verbosity=1 --qlconfig-file=/home/frosty/Code/CodeOSS/test-checkmarx-data-project/qlconfig.yml --source-root=/home/frosty/Code/CodeOSS/test-checkmarx-data-project --allow-missing-source-root=false --allow-already-existing -- /home/frosty/Code/CodeOSS/test-checkmarx-data-project/multi-db
[2024-04-04 15:09:30] Calling plumbing command: codeql resolve languages --extractor-options-verbosity=1 --format=betterjson
[2024-04-04 15:09:31] [DETAILS] resolve languages> Scanning for [codeql-extractor.yml] from /home/frosty/Code/CodeOSS/codeql/.codeqlmanifest.json
[2024-04-04 15:09:32] [DETAILS] resolve languages> Parsing /home/frosty/Code/CodeOSS/codeql/ruby/codeql-extractor.yml.
[2024-04-04 15:09:32] [DETAILS] resolve languages> Parsing /home/frosty/Code/CodeOSS/codeql/html/codeql-extractor.yml.
[2024-04-04 15:09:32] [DETAILS] resolve languages> Parsing /home/frosty/Code/CodeOSS/codeql/go/codeql-extractor.yml.
[2024-04-04 15:09:32] [DETAILS] resolve languages> Parsing /home/frosty/Code/CodeOSS/codeql/cpp/codeql-extractor.yml.
[2024-04-04 15:09:32] [DETAILS] resolve languages> Parsing /home/frosty/Code/CodeOSS/codeql/swift/codeql-extractor.yml.
[2024-04-04 15:09:32] [DETAILS] resolve languages> Parsing /home/frosty/Code/CodeOSS/codeql/java/codeql-extractor.yml.
[2024-04-04 15:09:32] [DETAILS] resolve languages> Parsing /home/frosty/Code/CodeOSS/codeql/properties/codeql-extractor.yml.
[2024-04-04 15:09:32] [DETAILS] resolve languages> Parsing /home/frosty/Code/CodeOSS/codeql/csv/codeql-extractor.yml.
[2024-04-04 15:09:32] [DETAILS] resolve languages> Parsing /home/frosty/Code/CodeOSS/codeql/xml/codeql-extractor.yml.
[2024-04-04 15:09:32] [DETAILS] resolve languages> Parsing /home/frosty/Code/CodeOSS/codeql/javascript/codeql-extractor.yml.
[2024-04-04 15:09:32] [DETAILS] resolve languages> Parsing /home/frosty/Code/CodeOSS/codeql/python/codeql-extractor.yml.
[2024-04-04 15:09:33] [DETAILS] resolve languages> Parsing /home/frosty/Code/CodeOSS/codeql/yaml/codeql-extractor.yml.
[2024-04-04 15:09:33] [DETAILS] resolve languages> Parsing /home/frosty/Code/CodeOSS/codeql/csharp/codeql-extractor.yml.
[2024-04-04 15:09:33] Plumbing command codeql resolve languages completed:
                      {
                        "aliases" : {
                          "c" : "cpp",
                          "c++" : "cpp",
                          "c-c++" : "cpp",
                          "c-cpp" : "cpp",
                          "c#" : "csharp",
                          "java-kotlin" : "java",
                          "kotlin" : "java",
                          "javascript-typescript" : "javascript",
                          "typescript" : "javascript"
                        },
                        "extractors" : {
                          "ruby" : [
                            {
                              "extractor_root" : "/home/frosty/Code/CodeOSS/codeql/ruby",
                              "extractor_options" : {
                                "trap" : {
                                  "title" : "Options pertaining to TRAP.",
                                  "description" : "Options pertaining to TRAP.",
                                  "type" : "object",
                                  "properties" : {
                                    "compression" : {
                                      "title" : "Controls compression for the TRAP files written by the extractor.",
                                      "description" : "This option is only intended for use in debugging the extractor. Accepted values are 'gzip' (the default, to write gzip-compressed TRAP) and 'none' (to write uncompressed TRAP).\n",
                                      "type" : "string",
                                      "pattern" : "^(none|gzip)$"
                                    }
                                  }
                                }
                              }
                            }
                          ],
                          "html" : [
                            {
                              "extractor_root" : "/home/frosty/Code/CodeOSS/codeql/html"
                            }
                          ],
                          "go" : [
                            {
                              "extractor_root" : "/home/frosty/Code/CodeOSS/codeql/go"
                            }
                          ],
                          "cpp" : [
                            {
                              "extractor_root" : "/home/frosty/Code/CodeOSS/codeql/cpp",
                              "extractor_options" : { }
                            }
                          ],
                          "swift" : [
                            {
                              "extractor_root" : "/home/frosty/Code/CodeOSS/codeql/swift"
                            }
                          ],
                          "java" : [
                            {
                              "extractor_root" : "/home/frosty/Code/CodeOSS/codeql/java",
                              "extractor_options" : {
                                "exclude" : {
                                  "title" : "A glob excluding files from analysis.",
                                  "description" : "A glob indicating what files to exclude from the analysis.\n",
                                  "type" : "string"
                                },
                                "add_prefer_source" : {
                                  "title" : "Whether to always prefer source files over class files.",
                                  "description" : "A value indicating whether source files should be preferred over class files. If set to 'true', the extraction adds '-Xprefer:source' to the javac command line. If set to 'false', the extraction uses the default javac behavior ('-Xprefer:newer'). The default is 'true'.\n",
                                  "type" : "string",
                                  "pattern" : "^(false|true)$"
                                },
                                "buildless" : {
                                  "title" : "Whether to use buildless (standalone) extraction (experimental).",
                                  "description" : "A value indicating, which type of extraction the autobuilder should perform. If 'true', then the standalone extractor will be used, otherwise tracing extraction will be performed. The default is 'false'. Note that buildless extraction will generally yield less accurate analysis results, and should only be used in cases where it is not possible to build the code (for example if it uses inaccessible dependencies).\n",
                                  "type" : "string",
                                  "pattern" : "^(false|true)$"
                                }
                              }
                            }
                          ],
                          "properties" : [
                            {
                              "extractor_root" : "/home/frosty/Code/CodeOSS/codeql/properties"
                            }
                          ],
                          "csv" : [
                            {
                              "extractor_root" : "/home/frosty/Code/CodeOSS/codeql/csv"
                            }
                          ],
                          "xml" : [
                            {
                              "extractor_root" : "/home/frosty/Code/CodeOSS/codeql/xml"
                            }
                          ],
                          "javascript" : [
                            {
                              "extractor_root" : "/home/frosty/Code/CodeOSS/codeql/javascript",
                              "extractor_options" : {
                                "skip_types" : {
                                  "title" : "Skip type extraction for TypeScript",
                                  "description" : "Whether to skip the extraction of types in a TypeScript application",
                                  "type" : "string",
                                  "pattern" : "^(false|true)$"
                                }
                              }
                            }
                          ],
                          "python" : [
                            {
                              "extractor_root" : "/home/frosty/Code/CodeOSS/codeql/python",
                              "extractor_options" : {
                                "logging" : {
                                  "title" : "Options pertaining to logging.",
                                  "description" : "Options pertaining to logging.",
                                  "type" : "object",
                                  "properties" : {
                                    "verbosity" : {
                                      "title" : "Python extractor logging verbosity level.",
                                      "description" : "Controls the level of verbosity of the CodeQL Python extractor.\nThe supported levels are (in order of increasing verbosity):\n\n  - off\n  - errors\n  - warnings\n  - info or progress\n  - debug or progress+\n  - trace or progress++\n  - progress+++\n",
                                      "type" : "string",
                                      "pattern" : "^(off|errors|warnings|(info|progress)|(debug|progress\\+)|(trace|progress\\+\\+)|progress\\+\\+\\+)$"
                                    }
                                  }
                                },
                                "python_executable_name" : {
                                  "title" : "Controls the name of the Python executable used by the Python extractor.",
                                  "description" : "The Python extractor uses platform-dependent heuristics to determine the name of the Python executable to use. Specifying a value for this option overrides the name of the Python executable used by the extractor. Accepted values are py, python and python3. Use this setting with caution, the Python extractor requires Python 3 to run.\n",
                                  "type" : "string",
                                  "pattern" : "^(py|python|python3)$"
                                }
                              }
                            }
                          ],
                          "yaml" : [
                            {
                              "extractor_root" : "/home/frosty/Code/CodeOSS/codeql/yaml"
                            }
                          ],
                          "csharp" : [
                            {
                              "extractor_root" : "/home/frosty/Code/CodeOSS/codeql/csharp",
                              "extractor_options" : {
                                "trap" : {
                                  "title" : "Options pertaining to TRAP.",
                                  "description" : "Options pertaining to TRAP.",
                                  "type" : "object",
                                  "properties" : {
                                    "compression" : {
                                      "title" : "Controls compression for the TRAP files written by the extractor.",
                                      "description" : "This option is only intended for use in debugging the extractor. Accepted values are 'brotli' (the default, to write brotli-compressed TRAP), 'gzip', and 'none' (to write uncompressed TRAP).\n",
                                      "type" : "string",
                                      "pattern" : "^(none|gzip|brotli)$"
                                    }
                                  }
                                },
                                "buildless" : {
                                  "title" : "DEPRECATED - Whether to use buildless (standalone) extraction.",
                                  "description" : "DEPRECATED: Use `--build-mode none` instead.\nA value indicating, which type of extraction the autobuilder should perform. If 'true', then the standalone extractor will be used, otherwise tracing extraction will be performed. The default is 'false'. Note that buildless extraction will generally yield less accurate analysis results, and should only be used in cases where it is not possible to build the code (for example if it uses inaccessible dependencies).\n",
                                  "type" : "string",
                                  "pattern" : "^(false|true)$"
                                },
                                "cil" : {
                                  "title" : "Whether to enable CIL extraction.",
                                  "description" : "A value indicating, whether CIL extraction should be enabled. The default is 'true'.\n",
                                  "type" : "string",
                                  "pattern" : "^(false|true)$"
                                },
                                "logging" : {
                                  "title" : "Options pertaining to logging.",
                                  "description" : "Options pertaining to logging.",
                                  "type" : "object",
                                  "properties" : {
                                    "verbosity" : {
                                      "title" : "Extractor logging verbosity level.",
                                      "description" : "Controls the level of verbosity of the extractor. The supported levels are (in order of increasing verbosity):\n  - off\n  - errors\n  - warnings\n  - info or progress\n  - debug or progress+\n  - trace or progress++\n  - progress+++\n",
                                      "type" : "string",
                                      "pattern" : "^(off|errors|warnings|(info|progress)|(debug|progress\\+)|(trace|progress\\+\\+)|progress\\+\\+\\+)$"
                                    }
                                  }
                                }
                              }
                            }
                          ]
                        }
                      }
[2024-04-04 15:09:34] [PROGRESS] database init> Calculating baseline information in /home/frosty/Code/CodeOSS/test-checkmarx-data-project
[2024-04-04 15:09:34] [SPAMMY] database init> Ignoring the following directories when processing baseline information: .git, .hg, .svn.
[2024-04-04 15:09:34] [DETAILS] database init> Running command in /home/frosty/Code/CodeOSS/test-checkmarx-data-project: /home/frosty/Code/CodeOSS/codeql/tools/linux64/scc --by-file --exclude-dir .git,.hg,.svn --format json --no-large --no-min .
[2024-04-04 15:09:34] Using configure-baseline script /home/frosty/Code/CodeOSS/codeql/javascript/tools/configure-baseline.sh.
[2024-04-04 15:09:34] [PROGRESS] database init> Running command in /home/frosty/Code/CodeOSS/test-checkmarx-data-project: [/home/frosty/Code/CodeOSS/codeql/javascript/tools/configure-baseline.sh]
[2024-04-04 15:09:34] [SPAMMY] database init> Found 39 baseline files for ruby.
[2024-04-04 15:09:34] [SPAMMY] database init> Found 6 baseline files for javascript.
[2024-04-04 15:09:34] [PROGRESS] database init> Calculated baseline information for languages: javascript, ruby (531ms).
[2024-04-04 15:09:35] [PROGRESS] database init> Resolving extractor ruby.
[2024-04-04 15:09:35] [DETAILS] database init> Found candidate extractor root for ruby: /home/frosty/Code/CodeOSS/codeql/ruby.
[2024-04-04 15:09:35] [PROGRESS] database init> Successfully loaded extractor Ruby (ruby) from /home/frosty/Code/CodeOSS/codeql/ruby.
[2024-04-04 15:09:35] [PROGRESS] database init> Created skeleton CodeQL database at /home/frosty/Code/CodeOSS/test-checkmarx-data-project/multi-db/ruby. This in-progress database is ready to be populated by an extractor.
[2024-04-04 15:09:35] [PROGRESS] database init> Resolving extractor javascript.
[2024-04-04 15:09:35] [DETAILS] database init> Found candidate extractor root for javascript: /home/frosty/Code/CodeOSS/codeql/javascript.
[2024-04-04 15:09:35] [PROGRESS] database init> Successfully loaded extractor JavaScript/TypeScript (javascript) from /home/frosty/Code/CodeOSS/codeql/javascript.
[2024-04-04 15:09:35] [PROGRESS] database init> Created skeleton CodeQL database at /home/frosty/Code/CodeOSS/test-checkmarx-data-project/multi-db/javascript. This in-progress database is ready to be populated by an extractor.
[2024-04-04 15:09:35] Plumbing command codeql database init completed.
[2024-04-04 15:09:35] [PROGRESS] database create> Running build command: []
[2024-04-04 15:09:35] Running plumbing command: codeql database trace-command --working-dir=/home/frosty/Code/CodeOSS/test-checkmarx-data-project --index-traceless-dbs --db-cluster -- /home/frosty/Code/CodeOSS/test-checkmarx-data-project/multi-db
[2024-04-04 15:09:35] Using autobuild script /home/frosty/Code/CodeOSS/codeql/javascript/tools/autobuild.sh.
[2024-04-04 15:09:35] Using autobuild script /home/frosty/Code/CodeOSS/codeql/ruby/tools/autobuild.sh.
[2024-04-04 15:09:36] [PROGRESS] database trace-command> Running 2 commands for 2 databases:
                      - /home/frosty/Code/CodeOSS/test-checkmarx-data-project/multi-db/javascript
                      - /home/frosty/Code/CodeOSS/test-checkmarx-data-project/multi-db/ruby
[2024-04-04 15:09:36] [PROGRESS] database trace-command> Running command in /home/frosty/Code/CodeOSS/test-checkmarx-data-project: [/home/frosty/Code/CodeOSS/codeql/javascript/tools/autobuild.sh]
[2024-04-04 15:09:37] [build-stdout] Single-threaded extraction.
[2024-04-04 15:09:38] [build-stdout] Extracting /home/frosty/Code/CodeOSS/test-checkmarx-data-project/code/Test_Stored_XSS/app/views/articles/index.html.erb
[2024-04-04 15:09:38] [build-stdout] Done extracting /home/frosty/Code/CodeOSS/test-checkmarx-data-project/code/Test_Stored_XSS/app/views/articles/index.html.erb (890 ms)
[2024-04-04 15:09:38] [build-stdout] Extracting /home/frosty/Code/CodeOSS/test-checkmarx-data-project/code/Test_Stored_XSS/app/views/articles/new.html.erb
[2024-04-04 15:09:39] [build-stdout] Done extracting /home/frosty/Code/CodeOSS/test-checkmarx-data-project/code/Test_Stored_XSS/app/views/articles/new.html.erb (124 ms)
[2024-04-04 15:09:39] [build-stdout] Extracting /home/frosty/Code/CodeOSS/test-checkmarx-data-project/code/Test_Stored_XSS/app/views/articles/show.html.erb
[2024-04-04 15:09:39] [build-stdout] Done extracting /home/frosty/Code/CodeOSS/test-checkmarx-data-project/code/Test_Stored_XSS/app/views/articles/show.html.erb (4 ms)
[2024-04-04 15:09:39] [build-stdout] Extracting /home/frosty/Code/CodeOSS/test-checkmarx-data-project/code/Test_Stored_XSS/app/views/layouts/application.html.erb
[2024-04-04 15:09:39] [build-stdout] Done extracting /home/frosty/Code/CodeOSS/test-checkmarx-data-project/code/Test_Stored_XSS/app/views/layouts/application.html.erb (48 ms)
[2024-04-04 15:09:39] [build-stdout] Extracting /home/frosty/Code/CodeOSS/test-checkmarx-data-project/code/Test_Stored_XSS/app/views/layouts/mailer.html.erb
[2024-04-04 15:09:39] [build-stdout] Done extracting /home/frosty/Code/CodeOSS/test-checkmarx-data-project/code/Test_Stored_XSS/app/views/layouts/mailer.html.erb (8 ms)
[2024-04-04 15:09:39] [build-stdout] Extracting /home/frosty/Code/CodeOSS/test-checkmarx-data-project/code/Test_Stored_XSS/app/views/welcome/index.html.erb
[2024-04-04 15:09:39] [build-stdout] Done extracting /home/frosty/Code/CodeOSS/test-checkmarx-data-project/code/Test_Stored_XSS/app/views/welcome/index.html.erb (14 ms)
[2024-04-04 15:09:39] [build-stdout] Extracting /home/frosty/Code/CodeOSS/test-checkmarx-data-project/code/Test_Stored_XSS/public/404.html
[2024-04-04 15:09:39] [build-stdout] Done extracting /home/frosty/Code/CodeOSS/test-checkmarx-data-project/code/Test_Stored_XSS/public/404.html (38 ms)
[2024-04-04 15:09:39] [build-stdout] Extracting /home/frosty/Code/CodeOSS/test-checkmarx-data-project/code/Test_Stored_XSS/public/422.html
[2024-04-04 15:09:39] [build-stdout] Done extracting /home/frosty/Code/CodeOSS/test-checkmarx-data-project/code/Test_Stored_XSS/public/422.html (6 ms)
[2024-04-04 15:09:39] [build-stdout] Extracting /home/frosty/Code/CodeOSS/test-checkmarx-data-project/code/Test_Stored_XSS/public/500.html
[2024-04-04 15:09:39] [build-stdout] Done extracting /home/frosty/Code/CodeOSS/test-checkmarx-data-project/code/Test_Stored_XSS/public/500.html (11 ms)
[2024-04-04 15:09:39] [build-stdout] Extracting /home/frosty/Code/CodeOSS/test-checkmarx-data-project/code/Test_Stored_XSS/app/assets/config/manifest.js
[2024-04-04 15:09:39] [build-stdout] Done extracting /home/frosty/Code/CodeOSS/test-checkmarx-data-project/code/Test_Stored_XSS/app/assets/config/manifest.js (13 ms)
[2024-04-04 15:09:39] [build-stdout] Extracting /home/frosty/Code/CodeOSS/test-checkmarx-data-project/code/Test_Stored_XSS/app/javascript/controllers/application.js
[2024-04-04 15:09:39] [build-stdout] Done extracting /home/frosty/Code/CodeOSS/test-checkmarx-data-project/code/Test_Stored_XSS/app/javascript/controllers/application.js (88 ms)
[2024-04-04 15:09:39] [build-stdout] Extracting /home/frosty/Code/CodeOSS/test-checkmarx-data-project/code/Test_Stored_XSS/app/javascript/controllers/hello_controller.js
[2024-04-04 15:09:39] [build-stdout] Done extracting /home/frosty/Code/CodeOSS/test-checkmarx-data-project/code/Test_Stored_XSS/app/javascript/controllers/hello_controller.js (73 ms)
[2024-04-04 15:09:39] [build-stdout] Extracting /home/frosty/Code/CodeOSS/test-checkmarx-data-project/code/Test_Stored_XSS/app/javascript/controllers/index.js
[2024-04-04 15:09:39] [build-stdout] Done extracting /home/frosty/Code/CodeOSS/test-checkmarx-data-project/code/Test_Stored_XSS/app/javascript/controllers/index.js (36 ms)
[2024-04-04 15:09:39] [build-stdout] Extracting /home/frosty/Code/CodeOSS/test-checkmarx-data-project/code/Test_Stored_XSS/app/javascript/application.js
[2024-04-04 15:09:39] [build-stdout] Done extracting /home/frosty/Code/CodeOSS/test-checkmarx-data-project/code/Test_Stored_XSS/app/javascript/application.js (35 ms)
[2024-04-04 15:09:39] [build-stdout] Extracting /home/frosty/Code/CodeOSS/test-checkmarx-data-project/code/Test_Stored_XSS/app/javascript/testMe.js
[2024-04-04 15:09:39] [build-stdout] Done extracting /home/frosty/Code/CodeOSS/test-checkmarx-data-project/code/Test_Stored_XSS/app/javascript/testMe.js (14 ms)
[2024-04-04 15:09:39] [build-stdout] Extracting /home/frosty/Code/CodeOSS/test-checkmarx-data-project/code/Test_Stored_XSS/config/locales/en.yml
[2024-04-04 15:09:39] [build-stdout] Done extracting /home/frosty/Code/CodeOSS/test-checkmarx-data-project/code/Test_Stored_XSS/config/locales/en.yml (268 ms)
[2024-04-04 15:09:39] [build-stdout] Extracting /home/frosty/Code/CodeOSS/test-checkmarx-data-project/code/Test_Stored_XSS/test/fixtures/articles.yml
[2024-04-04 15:09:39] [build-stdout] Done extracting /home/frosty/Code/CodeOSS/test-checkmarx-data-project/code/Test_Stored_XSS/test/fixtures/articles.yml (32 ms)
[2024-04-04 15:09:39] [build-stdout] Extracting /home/frosty/Code/CodeOSS/test-checkmarx-data-project/code/Test_Stored_XSS/config/cable.yml
[2024-04-04 15:09:40] [build-stdout] Done extracting /home/frosty/Code/CodeOSS/test-checkmarx-data-project/code/Test_Stored_XSS/config/cable.yml (8 ms)
[2024-04-04 15:09:40] [build-stdout] Extracting /home/frosty/Code/CodeOSS/test-checkmarx-data-project/code/Test_Stored_XSS/config/database.yml
[2024-04-04 15:09:40] [build-stdout] Done extracting /home/frosty/Code/CodeOSS/test-checkmarx-data-project/code/Test_Stored_XSS/config/database.yml (5 ms)
[2024-04-04 15:09:40] [build-stdout] Extracting /home/frosty/Code/CodeOSS/test-checkmarx-data-project/code/Test_Stored_XSS/config/storage.yml
[2024-04-04 15:09:40] [build-stdout] Done extracting /home/frosty/Code/CodeOSS/test-checkmarx-data-project/code/Test_Stored_XSS/config/storage.yml (4 ms)
[2024-04-04 15:09:40] [build-stdout] Extracting /home/frosty/Code/CodeOSS/test-checkmarx-data-project/carrier/config.yaml
[2024-04-04 15:09:40] [build-stdout] Done extracting /home/frosty/Code/CodeOSS/test-checkmarx-data-project/carrier/config.yaml (69 ms)
[2024-04-04 15:09:40] [build-stderr] No externs trap cache found
[2024-04-04 15:09:40] [build-stdout] Extracting /home/frosty/Code/CodeOSS/codeql/javascript/tools/data/externs/web/webkit_dom.js
[2024-04-04 15:09:40] [build-stdout] Done extracting /home/frosty/Code/CodeOSS/codeql/javascript/tools/data/externs/web/webkit_dom.js (390 ms)
[2024-04-04 15:09:40] [build-stdout] Extracting /home/frosty/Code/CodeOSS/codeql/javascript/tools/data/externs/web/w3c_batterystatus.js
[2024-04-04 15:09:40] [build-stdout] Done extracting /home/frosty/Code/CodeOSS/codeql/javascript/tools/data/externs/web/w3c_batterystatus.js (34 ms)
[2024-04-04 15:09:40] [build-stdout] Extracting /home/frosty/Code/CodeOSS/codeql/javascript/tools/data/externs/web/ie_dom.js
[2024-04-04 15:09:41] [build-stdout] Done extracting /home/frosty/Code/CodeOSS/codeql/javascript/tools/data/externs/web/ie_dom.js (568 ms)
[2024-04-04 15:09:41] [build-stdout] Extracting /home/frosty/Code/CodeOSS/codeql/javascript/tools/data/externs/web/webkit_notifications.js
[2024-04-04 15:09:41] [build-stdout] Done extracting /home/frosty/Code/CodeOSS/codeql/javascript/tools/data/externs/web/webkit_notifications.js (153 ms)
[2024-04-04 15:09:41] [build-stdout] Extracting /home/frosty/Code/CodeOSS/codeql/javascript/tools/data/externs/web/url.js
[2024-04-04 15:09:41] [build-stdout] Done extracting /home/frosty/Code/CodeOSS/codeql/javascript/tools/data/externs/web/url.js (50 ms)
[2024-04-04 15:09:41] [build-stdout] Extracting /home/frosty/Code/CodeOSS/codeql/javascript/tools/data/externs/web/ie_event.js
[2024-04-04 15:09:41] [build-stdout] Done extracting /home/frosty/Code/CodeOSS/codeql/javascript/tools/data/externs/web/ie_event.js (151 ms)
[2024-04-04 15:09:41] [build-stdout] Extracting /home/frosty/Code/CodeOSS/codeql/javascript/tools/data/externs/web/w3c_pointer_events.js
[2024-04-04 15:09:41] [build-stdout] Done extracting /home/frosty/Code/CodeOSS/codeql/javascript/tools/data/externs/web/w3c_pointer_events.js (88 ms)
[2024-04-04 15:09:41] [build-stdout] Extracting /home/frosty/Code/CodeOSS/codeql/javascript/tools/data/externs/web/webstorage.js
[2024-04-04 15:09:41] [build-stdout] Done extracting /home/frosty/Code/CodeOSS/codeql/javascript/tools/data/externs/web/webstorage.js (54 ms)
[2024-04-04 15:09:41] [build-stdout] Extracting /home/frosty/Code/CodeOSS/codeql/javascript/tools/data/externs/web/webkit_event.js
[2024-04-04 15:09:41] [build-stdout] Done extracting /home/frosty/Code/CodeOSS/codeql/javascript/tools/data/externs/web/webkit_event.js (31 ms)
[2024-04-04 15:09:41] [build-stdout] Extracting /home/frosty/Code/CodeOSS/codeql/javascript/tools/data/externs/web/fileapi.js
[2024-04-04 15:09:42] [build-stdout] Done extracting /home/frosty/Code/CodeOSS/codeql/javascript/tools/data/externs/web/fileapi.js (489 ms)
[2024-04-04 15:09:42] [build-stdout] Extracting /home/frosty/Code/CodeOSS/codeql/javascript/tools/data/externs/web/w3c_midi.js
[2024-04-04 15:09:42] [build-stdout] Done extracting /home/frosty/Code/CodeOSS/codeql/javascript/tools/data/externs/web/w3c_midi.js (110 ms)
[2024-04-04 15:09:42] [build-stdout] Extracting /home/frosty/Code/CodeOSS/codeql/javascript/tools/data/externs/web/w3c_css.js
[2024-04-04 15:09:43] [build-stdout] Done extracting /home/frosty/Code/CodeOSS/codeql/javascript/tools/data/externs/web/w3c_css.js (1188 ms)
[2024-04-04 15:09:43] [build-stdout] Extracting /home/frosty/Code/CodeOSS/codeql/javascript/tools/data/externs/web/w3c_dom4.js
[2024-04-04 15:09:43] [build-stdout] Done extracting /home/frosty/Code/CodeOSS/codeql/javascript/tools/data/externs/web/w3c_dom4.js (50 ms)
[2024-04-04 15:09:43] [build-stdout] Extracting /home/frosty/Code/CodeOSS/codeql/javascript/tools/data/externs/web/w3c_dom1.js
[2024-04-04 15:09:44] [build-stdout] Done extracting /home/frosty/Code/CodeOSS/codeql/javascript/tools/data/externs/web/w3c_dom1.js (614 ms)
[2024-04-04 15:09:44] [build-stdout] Extracting /home/frosty/Code/CodeOSS/codeql/javascript/tools/data/externs/web/fetchapi.js
[2024-04-04 15:09:44] [build-stdout] Done extracting /home/frosty/Code/CodeOSS/codeql/javascript/tools/data/externs/web/fetchapi.js (405 ms)
[2024-04-04 15:09:44] [build-stdout] Extracting /home/frosty/Code/CodeOSS/codeql/javascript/tools/data/externs/web/w3c_anim_timing.js
[2024-04-04 15:09:44] [build-stdout] Done extracting /home/frosty/Code/CodeOSS/codeql/javascript/tools/data/externs/web/w3c_anim_timing.js (134 ms)
[2024-04-04 15:09:44] [build-stdout] Extracting /home/frosty/Code/CodeOSS/codeql/javascript/tools/data/externs/web/w3c_event.js
[2024-04-04 15:09:45] [build-stdout] Done extracting /home/frosty/Code/CodeOSS/codeql/javascript/tools/data/externs/web/w3c_event.js (252 ms)
[2024-04-04 15:09:45] [build-stdout] Extracting /home/frosty/Code/CodeOSS/codeql/javascript/tools/data/externs/web/whatwg_encoding.js
[2024-04-04 15:09:45] [build-stdout] Done extracting /home/frosty/Code/CodeOSS/codeql/javascript/tools/data/externs/web/whatwg_encoding.js (30 ms)
[2024-04-04 15:09:45] [build-stdout] Extracting /home/frosty/Code/CodeOSS/codeql/javascript/tools/data/externs/web/ie_css.js
[2024-04-04 15:09:45] [build-stdout] Done extracting /home/frosty/Code/CodeOSS/codeql/javascript/tools/data/externs/web/ie_css.js (137 ms)
[2024-04-04 15:09:45] [build-stdout] Extracting /home/frosty/Code/CodeOSS/codeql/javascript/tools/data/externs/web/w3c_serviceworker.js
[2024-04-04 15:09:45] [build-stdout] Done extracting /home/frosty/Code/CodeOSS/codeql/javascript/tools/data/externs/web/w3c_serviceworker.js (367 ms)
[2024-04-04 15:09:45] [build-stdout] Extracting /home/frosty/Code/CodeOSS/codeql/javascript/tools/data/externs/web/mediasource.js
[2024-04-04 15:09:45] [build-stdout] Done extracting /home/frosty/Code/CodeOSS/codeql/javascript/tools/data/externs/web/mediasource.js (139 ms)
[2024-04-04 15:09:45] [build-stdout] Extracting /home/frosty/Code/CodeOSS/codeql/javascript/tools/data/externs/web/iphone.js
[2024-04-04 15:09:45] [build-stdout] Done extracting /home/frosty/Code/CodeOSS/codeql/javascript/tools/data/externs/web/iphone.js (90 ms)
[2024-04-04 15:09:45] [build-stdout] Extracting /home/frosty/Code/CodeOSS/codeql/javascript/tools/data/externs/web/gecko_dom.js
[2024-04-04 15:09:46] [build-stdout] Done extracting /home/frosty/Code/CodeOSS/codeql/javascript/tools/data/externs/web/gecko_dom.js (554 ms)
[2024-04-04 15:09:46] [build-stdout] Extracting /home/frosty/Code/CodeOSS/codeql/javascript/tools/data/externs/web/w3c_webcrypto.js
[2024-04-04 15:09:46] [build-stdout] Done extracting /home/frosty/Code/CodeOSS/codeql/javascript/tools/data/externs/web/w3c_webcrypto.js (259 ms)
[2024-04-04 15:09:46] [build-stdout] Extracting /home/frosty/Code/CodeOSS/codeql/javascript/tools/data/externs/web/w3c_gamepad.js
[2024-04-04 15:09:46] [build-stdout] Done extracting /home/frosty/Code/CodeOSS/codeql/javascript/tools/data/externs/web/w3c_gamepad.js (38 ms)
[2024-04-04 15:09:46] [build-stdout] Extracting /home/frosty/Code/CodeOSS/codeql/javascript/tools/data/externs/web/html5.js
[2024-04-04 15:09:49] [build-stdout] Done extracting /home/frosty/Code/CodeOSS/codeql/javascript/tools/data/externs/web/html5.js (2934 ms)
[2024-04-04 15:09:49] [build-stdout] Extracting /home/frosty/Code/CodeOSS/codeql/javascript/tools/data/externs/web/w3c_requestidlecallback.js
[2024-04-04 15:09:49] [build-stdout] Done extracting /home/frosty/Code/CodeOSS/codeql/javascript/tools/data/externs/web/w3c_requestidlecallback.js (5 ms)
[2024-04-04 15:09:49] [build-stdout] Extracting /home/frosty/Code/CodeOSS/codeql/javascript/tools/data/externs/web/gecko_xml.js
[2024-04-04 15:09:49] [build-stdout] Done extracting /home/frosty/Code/CodeOSS/codeql/javascript/tools/data/externs/web/gecko_xml.js (5 ms)
[2024-04-04 15:09:49] [build-stdout] Extracting /home/frosty/Code/CodeOSS/codeql/javascript/tools/data/externs/web/w3c_css3d.js
[2024-04-04 15:09:49] [build-stdout] Done extracting /home/frosty/Code/CodeOSS/codeql/javascript/tools/data/externs/web/w3c_css3d.js (20 ms)
[2024-04-04 15:09:49] [build-stdout] Extracting /home/frosty/Code/CodeOSS/codeql/javascript/tools/data/externs/web/webkit_usercontent.js
[2024-04-04 15:09:49] [build-stdout] Done extracting /home/frosty/Code/CodeOSS/codeql/javascript/tools/data/externs/web/webkit_usercontent.js (6 ms)
[2024-04-04 15:09:49] [build-stdout] Extracting /home/frosty/Code/CodeOSS/codeql/javascript/tools/data/externs/web/w3c_range.js
[2024-04-04 15:09:49] [build-stdout] Done extracting /home/frosty/Code/CodeOSS/codeql/javascript/tools/data/externs/web/w3c_range.js (18 ms)
[2024-04-04 15:09:49] [build-stdout] Extracting /home/frosty/Code/CodeOSS/codeql/javascript/tools/data/externs/web/w3c_rtc.js
[2024-04-04 15:09:49] [build-stdout] Done extracting /home/frosty/Code/CodeOSS/codeql/javascript/tools/data/externs/web/w3c_rtc.js (137 ms)
[2024-04-04 15:09:49] [build-stdout] Extracting /home/frosty/Code/CodeOSS/codeql/javascript/tools/data/externs/web/window.js
[2024-04-04 15:09:50] [build-stdout] Done extracting /home/frosty/Code/CodeOSS/codeql/javascript/tools/data/externs/web/window.js (11 ms)
[2024-04-04 15:09:50] [build-stdout] Extracting /home/frosty/Code/CodeOSS/codeql/javascript/tools/data/externs/web/w3c_dom2.js
[2024-04-04 15:09:50] [build-stdout] Done extracting /home/frosty/Code/CodeOSS/codeql/javascript/tools/data/externs/web/w3c_dom2.js (193 ms)
[2024-04-04 15:09:50] [build-stdout] Extracting /home/frosty/Code/CodeOSS/codeql/javascript/tools/data/externs/web/w3c_event3.js
[2024-04-04 15:09:50] [build-stdout] Done extracting /home/frosty/Code/CodeOSS/codeql/javascript/tools/data/externs/web/w3c_event3.js (8 ms)
[2024-04-04 15:09:50] [build-stdout] Extracting /home/frosty/Code/CodeOSS/codeql/javascript/tools/data/externs/web/streamsapi.js
[2024-04-04 15:09:50] [build-stdout] Done extracting /home/frosty/Code/CodeOSS/codeql/javascript/tools/data/externs/web/streamsapi.js (61 ms)
[2024-04-04 15:09:50] [build-stdout] Extracting /home/frosty/Code/CodeOSS/codeql/javascript/tools/data/externs/web/w3c_navigation_timing.js
[2024-04-04 15:09:50] [build-stdout] Done extracting /home/frosty/Code/CodeOSS/codeql/javascript/tools/data/externs/web/w3c_navigation_timing.js (61 ms)
[2024-04-04 15:09:50] [build-stdout] Extracting /home/frosty/Code/CodeOSS/codeql/javascript/tools/data/externs/web/webkit_css.js
[2024-04-04 15:09:50] [build-stdout] Done extracting /home/frosty/Code/CodeOSS/codeql/javascript/tools/data/externs/web/webkit_css.js (291 ms)
[2024-04-04 15:09:50] [build-stdout] Extracting /home/frosty/Code/CodeOSS/codeql/javascript/tools/data/externs/web/gecko_ext.js
[2024-04-04 15:09:50] [build-stdout] Done extracting /home/frosty/Code/CodeOSS/codeql/javascript/tools/data/externs/web/gecko_ext.js (2 ms)
[2024-04-04 15:09:50] [build-stdout] Extracting /home/frosty/Code/CodeOSS/codeql/javascript/tools/data/externs/web/flash.js
[2024-04-04 15:09:50] [build-stdout] Done extracting /home/frosty/Code/CodeOSS/codeql/javascript/tools/data/externs/web/flash.js (66 ms)
[2024-04-04 15:09:50] [build-stdout] Extracting /home/frosty/Code/CodeOSS/codeql/javascript/tools/data/externs/web/w3c_xml.js
[2024-04-04 15:09:50] [build-stdout] Done extracting /home/frosty/Code/CodeOSS/codeql/javascript/tools/data/externs/web/w3c_xml.js (32 ms)
[2024-04-04 15:09:50] [build-stdout] Extracting /home/frosty/Code/CodeOSS/codeql/javascript/tools/data/externs/web/ie_vml.js
[2024-04-04 15:09:50] [build-stdout] Done extracting /home/frosty/Code/CodeOSS/codeql/javascript/tools/data/externs/web/ie_vml.js (6 ms)
[2024-04-04 15:09:50] [build-stdout] Extracting /home/frosty/Code/CodeOSS/codeql/javascript/tools/data/externs/web/w3c_encoding.js
[2024-04-04 15:09:50] [build-stdout] Done extracting /home/frosty/Code/CodeOSS/codeql/javascript/tools/data/externs/web/w3c_encoding.js (4 ms)
[2024-04-04 15:09:50] [build-stdout] Extracting /home/frosty/Code/CodeOSS/codeql/javascript/tools/data/externs/web/w3c_touch_event.js
[2024-04-04 15:09:50] [build-stdout] Done extracting /home/frosty/Code/CodeOSS/codeql/javascript/tools/data/externs/web/w3c_touch_event.js (21 ms)
[2024-04-04 15:09:50] [build-stdout] Extracting /home/frosty/Code/CodeOSS/codeql/javascript/tools/data/externs/web/w3c_dom3.js
[2024-04-04 15:09:50] [build-stdout] Done extracting /home/frosty/Code/CodeOSS/codeql/javascript/tools/data/externs/web/w3c_dom3.js (54 ms)
[2024-04-04 15:09:50] [build-stdout] Extracting /home/frosty/Code/CodeOSS/codeql/javascript/tools/data/externs/web/w3c_screen_orientation.js
[2024-04-04 15:09:50] [build-stdout] Done extracting /home/frosty/Code/CodeOSS/codeql/javascript/tools/data/externs/web/w3c_screen_orientation.js (4 ms)
[2024-04-04 15:09:50] [build-stdout] Extracting /home/frosty/Code/CodeOSS/codeql/javascript/tools/data/externs/web/gecko_css.js
[2024-04-04 15:09:50] [build-stdout] Done extracting /home/frosty/Code/CodeOSS/codeql/javascript/tools/data/externs/web/gecko_css.js (22 ms)
[2024-04-04 15:09:50] [build-stdout] Extracting /home/frosty/Code/CodeOSS/codeql/javascript/tools/data/externs/web/chrome.js
[2024-04-04 15:09:50] [build-stdout] Done extracting /home/frosty/Code/CodeOSS/codeql/javascript/tools/data/externs/web/chrome.js (51 ms)
[2024-04-04 15:09:50] [build-stdout] Extracting /home/frosty/Code/CodeOSS/codeql/javascript/tools/data/externs/web/page_visibility.js
[2024-04-04 15:09:50] [build-stdout] Done extracting /home/frosty/Code/CodeOSS/codeql/javascript/tools/data/externs/web/page_visibility.js (2 ms)
[2024-04-04 15:09:50] [build-stdout] Extracting /home/frosty/Code/CodeOSS/codeql/javascript/tools/data/externs/web/webgl.js
[2024-04-04 15:09:51] [build-stdout] Done extracting /home/frosty/Code/CodeOSS/codeql/javascript/tools/data/externs/web/webgl.js (642 ms)
[2024-04-04 15:09:51] [build-stdout] Extracting /home/frosty/Code/CodeOSS/codeql/javascript/tools/data/externs/web/w3c_indexeddb.js
[2024-04-04 15:09:51] [build-stdout] Done extracting /home/frosty/Code/CodeOSS/codeql/javascript/tools/data/externs/web/w3c_indexeddb.js (187 ms)
[2024-04-04 15:09:51] [build-stdout] Extracting /home/frosty/Code/CodeOSS/codeql/javascript/tools/data/externs/web/w3c_selectors.js
[2024-04-04 15:09:51] [build-stdout] Done extracting /home/frosty/Code/CodeOSS/codeql/javascript/tools/data/externs/web/w3c_selectors.js (10 ms)
[2024-04-04 15:09:51] [build-stdout] Extracting /home/frosty/Code/CodeOSS/codeql/javascript/tools/data/externs/web/gecko_event.js
[2024-04-04 15:09:51] [build-stdout] Done extracting /home/frosty/Code/CodeOSS/codeql/javascript/tools/data/externs/web/gecko_event.js (129 ms)
[2024-04-04 15:09:51] [build-stdout] Extracting /home/frosty/Code/CodeOSS/codeql/javascript/tools/data/externs/web/intl.js
[2024-04-04 15:09:52] [build-stdout] Done extracting /home/frosty/Code/CodeOSS/codeql/javascript/tools/data/externs/web/intl.js (37 ms)
[2024-04-04 15:09:52] [build-stdout] Extracting /home/frosty/Code/CodeOSS/codeql/javascript/tools/data/externs/web/w3c_device_sensor_event.js
[2024-04-04 15:09:52] [build-stdout] Done extracting /home/frosty/Code/CodeOSS/codeql/javascript/tools/data/externs/web/w3c_device_sensor_event.js (12 ms)
[2024-04-04 15:09:52] [build-stdout] Extracting /home/frosty/Code/CodeOSS/codeql/javascript/tools/data/externs/web/w3c_permissions.js
[2024-04-04 15:09:52] [build-stdout] Done extracting /home/frosty/Code/CodeOSS/codeql/javascript/tools/data/externs/web/w3c_permissions.js (15 ms)
[2024-04-04 15:09:52] [build-stdout] Extracting /home/frosty/Code/CodeOSS/codeql/javascript/tools/data/externs/web/w3c_elementtraversal.js
[2024-04-04 15:09:52] [build-stdout] Done extracting /home/frosty/Code/CodeOSS/codeql/javascript/tools/data/externs/web/w3c_elementtraversal.js (13 ms)
[2024-04-04 15:09:52] [build-stdout] Extracting /home/frosty/Code/CodeOSS/codeql/javascript/tools/data/externs/web/w3c_geolocation.js
[2024-04-04 15:09:52] [build-stdout] Done extracting /home/frosty/Code/CodeOSS/codeql/javascript/tools/data/externs/web/w3c_geolocation.js (58 ms)
[2024-04-04 15:09:52] [build-stdout] Extracting /home/frosty/Code/CodeOSS/codeql/javascript/tools/data/externs/lib/jquery-3.2.js
[2024-04-04 15:09:52] [build-stdout] Done extracting /home/frosty/Code/CodeOSS/codeql/javascript/tools/data/externs/lib/jquery-3.2.js (791 ms)
[2024-04-04 15:09:52] [build-stdout] Extracting /home/frosty/Code/CodeOSS/codeql/javascript/tools/data/externs/lib/vows.js
[2024-04-04 15:09:53] [build-stdout] Done extracting /home/frosty/Code/CodeOSS/codeql/javascript/tools/data/externs/lib/vows.js (114 ms)
[2024-04-04 15:09:53] [build-stdout] Extracting /home/frosty/Code/CodeOSS/codeql/javascript/tools/data/externs/lib/should.js
[2024-04-04 15:09:53] [build-stdout] Done extracting /home/frosty/Code/CodeOSS/codeql/javascript/tools/data/externs/lib/should.js (92 ms)
[2024-04-04 15:09:53] [build-stdout] Extracting /home/frosty/Code/CodeOSS/codeql/javascript/tools/data/externs/lib/bdd.js
[2024-04-04 15:09:53] [build-stdout] Done extracting /home/frosty/Code/CodeOSS/codeql/javascript/tools/data/externs/lib/bdd.js (19 ms)
[2024-04-04 15:09:53] [build-stdout] Extracting /home/frosty/Code/CodeOSS/codeql/javascript/tools/data/externs/nodejs/tls.js
[2024-04-04 15:09:53] [build-stdout] Done extracting /home/frosty/Code/CodeOSS/codeql/javascript/tools/data/externs/nodejs/tls.js (293 ms)
[2024-04-04 15:09:53] [build-stdout] Extracting /home/frosty/Code/CodeOSS/codeql/javascript/tools/data/externs/nodejs/string_decoder.js
[2024-04-04 15:09:53] [build-stdout] Done extracting /home/frosty/Code/CodeOSS/codeql/javascript/tools/data/externs/nodejs/string_decoder.js (26 ms)
[2024-04-04 15:09:53] [build-stdout] Extracting /home/frosty/Code/CodeOSS/codeql/javascript/tools/data/externs/nodejs/https.js
[2024-04-04 15:09:53] [build-stdout] Done extracting /home/frosty/Code/CodeOSS/codeql/javascript/tools/data/externs/nodejs/https.js (103 ms)
[2024-04-04 15:09:53] [build-stdout] Extracting /home/frosty/Code/CodeOSS/codeql/javascript/tools/data/externs/nodejs/assert.js
[2024-04-04 15:09:53] [build-stdout] Done extracting /home/frosty/Code/CodeOSS/codeql/javascript/tools/data/externs/nodejs/assert.js (73 ms)
[2024-04-04 15:09:53] [build-stdout] Extracting /home/frosty/Code/CodeOSS/codeql/javascript/tools/data/externs/nodejs/url.js
[2024-04-04 15:09:53] [build-stdout] Done extracting /home/frosty/Code/CodeOSS/codeql/javascript/tools/data/externs/nodejs/url.js (42 ms)
[2024-04-04 15:09:53] [build-stdout] Extracting /home/frosty/Code/CodeOSS/codeql/javascript/tools/data/externs/nodejs/vm.js
[2024-04-04 15:09:53] [build-stdout] Done extracting /home/frosty/Code/CodeOSS/codeql/javascript/tools/data/externs/nodejs/vm.js (52 ms)
[2024-04-04 15:09:53] [build-stdout] Extracting /home/frosty/Code/CodeOSS/codeql/javascript/tools/data/externs/nodejs/domain.js
[2024-04-04 15:09:53] [build-stdout] Done extracting /home/frosty/Code/CodeOSS/codeql/javascript/tools/data/externs/nodejs/domain.js (66 ms)
[2024-04-04 15:09:53] [build-stdout] Extracting /home/frosty/Code/CodeOSS/codeql/javascript/tools/data/externs/nodejs/events.js
[2024-04-04 15:09:53] [build-stdout] Done extracting /home/frosty/Code/CodeOSS/codeql/javascript/tools/data/externs/nodejs/events.js (33 ms)
[2024-04-04 15:09:53] [build-stdout] Extracting /home/frosty/Code/CodeOSS/codeql/javascript/tools/data/externs/nodejs/path.js
[2024-04-04 15:09:54] [build-stdout] Done extracting /home/frosty/Code/CodeOSS/codeql/javascript/tools/data/externs/nodejs/path.js (135 ms)
[2024-04-04 15:09:54] [build-stdout] Extracting /home/frosty/Code/CodeOSS/codeql/javascript/tools/data/externs/nodejs/readline.js
[2024-04-04 15:09:54] [build-stdout] Done extracting /home/frosty/Code/CodeOSS/codeql/javascript/tools/data/externs/nodejs/readline.js (89 ms)
[2024-04-04 15:09:54] [build-stdout] Extracting /home/frosty/Code/CodeOSS/codeql/javascript/tools/data/externs/nodejs/child_process.js
[2024-04-04 15:09:54] [build-stdout] Done extracting /home/frosty/Code/CodeOSS/codeql/javascript/tools/data/externs/nodejs/child_process.js (235 ms)
[2024-04-04 15:09:54] [build-stdout] Extracting /home/frosty/Code/CodeOSS/codeql/javascript/tools/data/externs/nodejs/v8.js
[2024-04-04 15:09:54] [build-stdout] Done extracting /home/frosty/Code/CodeOSS/codeql/javascript/tools/data/externs/nodejs/v8.js (14 ms)
[2024-04-04 15:09:54] [build-stdout] Extracting /home/frosty/Code/CodeOSS/codeql/javascript/tools/data/externs/nodejs/sys.js
[2024-04-04 15:09:54] [build-stdout] Done extracting /home/frosty/Code/CodeOSS/codeql/javascript/tools/data/externs/nodejs/sys.js (7 ms)
[2024-04-04 15:09:54] [build-stdout] Extracting /home/frosty/Code/CodeOSS/codeql/javascript/tools/data/externs/nodejs/globals.js
[2024-04-04 15:09:55] [build-stdout] Done extracting /home/frosty/Code/CodeOSS/codeql/javascript/tools/data/externs/nodejs/globals.js (545 ms)
[2024-04-04 15:09:55] [build-stdout] Extracting /home/frosty/Code/CodeOSS/codeql/javascript/tools/data/externs/nodejs/net.js
[2024-04-04 15:09:55] [build-stdout] Done extracting /home/frosty/Code/CodeOSS/codeql/javascript/tools/data/externs/nodejs/net.js (143 ms)
[2024-04-04 15:09:55] [build-stdout] Extracting /home/frosty/Code/CodeOSS/codeql/javascript/tools/data/externs/nodejs/fs.js
[2024-04-04 15:09:55] [build-stdout] Done extracting /home/frosty/Code/CodeOSS/codeql/javascript/tools/data/externs/nodejs/fs.js (479 ms)
[2024-04-04 15:09:55] [build-stdout] Extracting /home/frosty/Code/CodeOSS/codeql/javascript/tools/data/externs/nodejs/tty.js
[2024-04-04 15:09:55] [build-stdout] Done extracting /home/frosty/Code/CodeOSS/codeql/javascript/tools/data/externs/nodejs/tty.js (29 ms)
[2024-04-04 15:09:55] [build-stdout] Extracting /home/frosty/Code/CodeOSS/codeql/javascript/tools/data/externs/nodejs/zlib.js
[2024-04-04 15:09:55] [build-stdout] Done extracting /home/frosty/Code/CodeOSS/codeql/javascript/tools/data/externs/nodejs/zlib.js (135 ms)
[2024-04-04 15:09:55] [build-stdout] Extracting /home/frosty/Code/CodeOSS/codeql/javascript/tools/data/externs/nodejs/process.js
[2024-04-04 15:09:55] [build-stdout] Done extracting /home/frosty/Code/CodeOSS/codeql/javascript/tools/data/externs/nodejs/process.js (2 ms)
[2024-04-04 15:09:55] [build-stdout] Extracting /home/frosty/Code/CodeOSS/codeql/javascript/tools/data/externs/nodejs/cluster.js
[2024-04-04 15:09:56] [build-stdout] Done extracting /home/frosty/Code/CodeOSS/codeql/javascript/tools/data/externs/nodejs/cluster.js (356 ms)
[2024-04-04 15:09:56] [build-stdout] Extracting /home/frosty/Code/CodeOSS/codeql/javascript/tools/data/externs/nodejs/assert_legacy.js
[2024-04-04 15:09:56] [build-stdout] Done extracting /home/frosty/Code/CodeOSS/codeql/javascript/tools/data/externs/nodejs/assert_legacy.js (7 ms)
[2024-04-04 15:09:56] [build-stdout] Extracting /home/frosty/Code/CodeOSS/codeql/javascript/tools/data/externs/nodejs/repl.js
[2024-04-04 15:09:56] [build-stdout] Done extracting /home/frosty/Code/CodeOSS/codeql/javascript/tools/data/externs/nodejs/repl.js (39 ms)
[2024-04-04 15:09:56] [build-stdout] Extracting /home/frosty/Code/CodeOSS/codeql/javascript/tools/data/externs/nodejs/querystring.js
[2024-04-04 15:09:56] [build-stdout] Done extracting /home/frosty/Code/CodeOSS/codeql/javascript/tools/data/externs/nodejs/querystring.js (43 ms)
[2024-04-04 15:09:56] [build-stdout] Extracting /home/frosty/Code/CodeOSS/codeql/javascript/tools/data/externs/nodejs/os.js
[2024-04-04 15:09:56] [build-stdout] Done extracting /home/frosty/Code/CodeOSS/codeql/javascript/tools/data/externs/nodejs/os.js (101 ms)
[2024-04-04 15:09:56] [build-stdout] Extracting /home/frosty/Code/CodeOSS/codeql/javascript/tools/data/externs/nodejs/punycode.js
[2024-04-04 15:09:56] [build-stdout] Done extracting /home/frosty/Code/CodeOSS/codeql/javascript/tools/data/externs/nodejs/punycode.js (24 ms)
[2024-04-04 15:09:56] [build-stdout] Extracting /home/frosty/Code/CodeOSS/codeql/javascript/tools/data/externs/nodejs/module.js
[2024-04-04 15:09:56] [build-stdout] Done extracting /home/frosty/Code/CodeOSS/codeql/javascript/tools/data/externs/nodejs/module.js (21 ms)
[2024-04-04 15:09:56] [build-stdout] Extracting /home/frosty/Code/CodeOSS/codeql/javascript/tools/data/externs/nodejs/http.js
[2024-04-04 15:09:56] [build-stdout] Done extracting /home/frosty/Code/CodeOSS/codeql/javascript/tools/data/externs/nodejs/http.js (308 ms)
[2024-04-04 15:09:56] [build-stdout] Extracting /home/frosty/Code/CodeOSS/codeql/javascript/tools/data/externs/nodejs/crypto.js
[2024-04-04 15:09:57] [build-stdout] Done extracting /home/frosty/Code/CodeOSS/codeql/javascript/tools/data/externs/nodejs/crypto.js (306 ms)
[2024-04-04 15:09:57] [build-stdout] Extracting /home/frosty/Code/CodeOSS/codeql/javascript/tools/data/externs/nodejs/dgram.js
[2024-04-04 15:09:57] [build-stdout] Done extracting /home/frosty/Code/CodeOSS/codeql/javascript/tools/data/externs/nodejs/dgram.js (71 ms)
[2024-04-04 15:09:57] [build-stdout] Extracting /home/frosty/Code/CodeOSS/codeql/javascript/tools/data/externs/nodejs/constants.js
[2024-04-04 15:09:57] [build-stdout] Done extracting /home/frosty/Code/CodeOSS/codeql/javascript/tools/data/externs/nodejs/constants.js (417 ms)
[2024-04-04 15:09:57] [build-stdout] Extracting /home/frosty/Code/CodeOSS/codeql/javascript/tools/data/externs/nodejs/console.js
[2024-04-04 15:09:57] [build-stdout] Done extracting /home/frosty/Code/CodeOSS/codeql/javascript/tools/data/externs/nodejs/console.js (19 ms)
[2024-04-04 15:09:57] [build-stdout] Extracting /home/frosty/Code/CodeOSS/codeql/javascript/tools/data/externs/nodejs/buffer.js
[2024-04-04 15:09:57] [build-stdout] Done extracting /home/frosty/Code/CodeOSS/codeql/javascript/tools/data/externs/nodejs/buffer.js (56 ms)
[2024-04-04 15:09:57] [build-stdout] Extracting /home/frosty/Code/CodeOSS/codeql/javascript/tools/data/externs/nodejs/timers.js
[2024-04-04 15:09:57] [build-stdout] Done extracting /home/frosty/Code/CodeOSS/codeql/javascript/tools/data/externs/nodejs/timers.js (41 ms)
[2024-04-04 15:09:57] [build-stdout] Extracting /home/frosty/Code/CodeOSS/codeql/javascript/tools/data/externs/nodejs/util.js
[2024-04-04 15:09:57] [build-stdout] Done extracting /home/frosty/Code/CodeOSS/codeql/javascript/tools/data/externs/nodejs/util.js (84 ms)
[2024-04-04 15:09:57] [build-stdout] Extracting /home/frosty/Code/CodeOSS/codeql/javascript/tools/data/externs/nodejs/stream.js
[2024-04-04 15:09:58] [build-stdout] Done extracting /home/frosty/Code/CodeOSS/codeql/javascript/tools/data/externs/nodejs/stream.js (232 ms)
[2024-04-04 15:09:58] [build-stdout] Extracting /home/frosty/Code/CodeOSS/codeql/javascript/tools/data/externs/nodejs/dns.js
[2024-04-04 15:09:58] [build-stdout] Done extracting /home/frosty/Code/CodeOSS/codeql/javascript/tools/data/externs/nodejs/dns.js (71 ms)
[2024-04-04 15:09:58] [build-stdout] Extracting /home/frosty/Code/CodeOSS/codeql/javascript/tools/data/externs/vm/jsshell.js
[2024-04-04 15:09:58] [build-stdout] Done extracting /home/frosty/Code/CodeOSS/codeql/javascript/tools/data/externs/vm/jsshell.js (260 ms)
[2024-04-04 15:09:58] [build-stdout] Extracting /home/frosty/Code/CodeOSS/codeql/javascript/tools/data/externs/vm/v8.js
[2024-04-04 15:09:58] [build-stdout] Done extracting /home/frosty/Code/CodeOSS/codeql/javascript/tools/data/externs/vm/v8.js (53 ms)
[2024-04-04 15:09:58] [build-stdout] Extracting /home/frosty/Code/CodeOSS/codeql/javascript/tools/data/externs/vm/rhino.js
[2024-04-04 15:09:58] [build-stdout] Done extracting /home/frosty/Code/CodeOSS/codeql/javascript/tools/data/externs/vm/rhino.js (8 ms)
[2024-04-04 15:09:58] [build-stdout] Extracting /home/frosty/Code/CodeOSS/codeql/javascript/tools/data/externs/vm/spidermonkey.js
[2024-04-04 15:09:58] [build-stdout] Done extracting /home/frosty/Code/CodeOSS/codeql/javascript/tools/data/externs/vm/spidermonkey.js (43 ms)
[2024-04-04 15:09:58] [build-stdout] Extracting /home/frosty/Code/CodeOSS/codeql/javascript/tools/data/externs/es/proxy.js
[2024-04-04 15:09:58] [build-stdout] Done extracting /home/frosty/Code/CodeOSS/codeql/javascript/tools/data/externs/es/proxy.js (47 ms)
[2024-04-04 15:09:58] [build-stdout] Extracting /home/frosty/Code/CodeOSS/codeql/javascript/tools/data/externs/es/es2017.js
[2024-04-04 15:09:58] [build-stdout] Done extracting /home/frosty/Code/CodeOSS/codeql/javascript/tools/data/externs/es/es2017.js (97 ms)
[2024-04-04 15:09:58] [build-stdout] Extracting /home/frosty/Code/CodeOSS/codeql/javascript/tools/data/externs/es/es5.js
[2024-04-04 15:09:58] [build-stdout] Done extracting /home/frosty/Code/CodeOSS/codeql/javascript/tools/data/externs/es/es5.js (70 ms)
[2024-04-04 15:09:58] [build-stdout] Extracting /home/frosty/Code/CodeOSS/codeql/javascript/tools/data/externs/es/es6_collections.js
[2024-04-04 15:09:59] [build-stdout] Done extracting /home/frosty/Code/CodeOSS/codeql/javascript/tools/data/externs/es/es6_collections.js (53 ms)
[2024-04-04 15:09:59] [build-stdout] Extracting /home/frosty/Code/CodeOSS/codeql/javascript/tools/data/externs/es/es6.js
[2024-04-04 15:09:59] [build-stdout] Done extracting /home/frosty/Code/CodeOSS/codeql/javascript/tools/data/externs/es/es6.js (489 ms)
[2024-04-04 15:09:59] [build-stdout] Extracting /home/frosty/Code/CodeOSS/codeql/javascript/tools/data/externs/es/es2016.js
[2024-04-04 15:09:59] [build-stdout] Done extracting /home/frosty/Code/CodeOSS/codeql/javascript/tools/data/externs/es/es2016.js (13 ms)
[2024-04-04 15:09:59] [build-stdout] Extracting /home/frosty/Code/CodeOSS/codeql/javascript/tools/data/externs/es/intl.js
[2024-04-04 15:09:59] [build-stdout] Done extracting /home/frosty/Code/CodeOSS/codeql/javascript/tools/data/externs/es/intl.js (45 ms)
[2024-04-04 15:09:59] [build-stdout] Extracting /home/frosty/Code/CodeOSS/codeql/javascript/tools/data/externs/es/es3.js
[2024-04-04 15:10:00] [build-stdout] Done extracting /home/frosty/Code/CodeOSS/codeql/javascript/tools/data/externs/es/es3.js (569 ms)
[2024-04-04 15:10:00] [PROGRESS] database trace-command> Running command in /home/frosty/Code/CodeOSS/test-checkmarx-data-project: [/home/frosty/Code/CodeOSS/codeql/ruby/tools/autobuild.sh]
[2024-04-04 15:10:05] [build-stderr] Scanning for files in /home/frosty/Code/CodeOSS/test-checkmarx-data-project...
[2024-04-04 15:10:05] [build-stderr] /home/frosty/Code/CodeOSS/test-checkmarx-data-project/multi-db/ruby: Indexing files in in /home/frosty/Code/CodeOSS/test-checkmarx-data-project...
[2024-04-04 15:10:06] [build-stderr] Running command in /home/frosty/Code/CodeOSS/test-checkmarx-data-project: [/home/frosty/Code/CodeOSS/codeql/ruby/tools/index-files.sh, /home/frosty/Code/CodeOSS/test-checkmarx-data-project/multi-db/ruby/working/files-to-index11836086732898709939.list]
[2024-04-04 15:10:06] Plumbing command codeql database trace-command completed.
[2024-04-04 15:10:06] [PROGRESS] database create> Finalizing databases at /home/frosty/Code/CodeOSS/test-checkmarx-data-project/multi-db.
[2024-04-04 15:10:06] Running plumbing command: codeql database finalize --mode=trim --db-cluster -- /home/frosty/Code/CodeOSS/test-checkmarx-data-project/multi-db
[2024-04-04 15:10:06] [PROGRESS] database finalize> Running TRAP import for CodeQL database at /home/frosty/Code/CodeOSS/test-checkmarx-data-project/multi-db/javascript...
[2024-04-04 15:10:06] Running plumbing command: codeql dataset import --dbscheme=/home/frosty/Code/CodeOSS/codeql/javascript/semmlecode.javascript.dbscheme -- /home/frosty/Code/CodeOSS/test-checkmarx-data-project/multi-db/javascript/db-javascript /home/frosty/Code/CodeOSS/test-checkmarx-data-project/multi-db/javascript/trap/javascript
[2024-04-04 15:10:07] Clearing disk cache since the version file /home/frosty/Code/CodeOSS/test-checkmarx-data-project/multi-db/javascript/db-javascript/default/cache/version does not exist
[2024-04-04 15:10:07] Tuple pool not found. Clearing relations with cached strings
[2024-04-04 15:10:07] Trimming disk cache at /home/frosty/Code/CodeOSS/test-checkmarx-data-project/multi-db/javascript/db-javascript/default/cache in mode clear.
[2024-04-04 15:10:07] Sequence stamp origin is -6199902941884690346
[2024-04-04 15:10:07] Pausing evaluation to hard-clear memory at sequence stamp o+0
[2024-04-04 15:10:07] Unpausing evaluation
[2024-04-04 15:10:07] Pausing evaluation to quickly trim disk at sequence stamp o+1
[2024-04-04 15:10:07] Unpausing evaluation
[2024-04-04 15:10:07] Pausing evaluation to zealously trim disk at sequence stamp o+2
[2024-04-04 15:10:07] Unpausing evaluation
[2024-04-04 15:10:07] Trimming completed (68ms): Purged everything.
[2024-04-04 15:10:07] Scanning for files in /home/frosty/Code/CodeOSS/test-checkmarx-data-project/multi-db/javascript/trap/javascript
[2024-04-04 15:10:07] Found 132 TRAP files (8.21 MiB)
[2024-04-04 15:10:07] [PROGRESS] dataset import> Importing TRAP files
[2024-04-04 15:10:09] Importing es2016.js.trap.gz (1 of 132)
[2024-04-04 15:10:09] Importing es2017.js.trap.gz (2 of 132)
[2024-04-04 15:10:09] Importing es3.js.trap.gz (3 of 132)
[2024-04-04 15:10:10] Importing es5.js.trap.gz (4 of 132)
[2024-04-04 15:10:10] Importing es6.js.trap.gz (5 of 132)
[2024-04-04 15:10:10] Importing es6_collections.js.trap.gz (6 of 132)
[2024-04-04 15:10:10] Importing intl.js.trap.gz (7 of 132)
[2024-04-04 15:10:10] Importing proxy.js.trap.gz (8 of 132)
[2024-04-04 15:10:10] Importing bdd.js.trap.gz (9 of 132)
[2024-04-04 15:10:10] Importing jquery-3.2.js.trap.gz (10 of 132)
[2024-04-04 15:10:11] Importing should.js.trap.gz (11 of 132)
[2024-04-04 15:10:11] Importing vows.js.trap.gz (12 of 132)
[2024-04-04 15:10:11] Importing assert.js.trap.gz (13 of 132)
[2024-04-04 15:10:11] Importing assert_legacy.js.trap.gz (14 of 132)
[2024-04-04 15:10:11] Importing buffer.js.trap.gz (15 of 132)
[2024-04-04 15:10:11] Importing child_process.js.trap.gz (16 of 132)
[2024-04-04 15:10:11] Importing cluster.js.trap.gz (17 of 132)
[2024-04-04 15:10:11] Importing console.js.trap.gz (18 of 132)
[2024-04-04 15:10:11] Importing constants.js.trap.gz (19 of 132)
[2024-04-04 15:10:11] Importing crypto.js.trap.gz (20 of 132)
[2024-04-04 15:10:11] Importing dgram.js.trap.gz (21 of 132)
[2024-04-04 15:10:11] Importing dns.js.trap.gz (22 of 132)
[2024-04-04 15:10:11] Importing domain.js.trap.gz (23 of 132)
[2024-04-04 15:10:11] Importing events.js.trap.gz (24 of 132)
[2024-04-04 15:10:11] Importing fs.js.trap.gz (25 of 132)
[2024-04-04 15:10:11] Importing globals.js.trap.gz (26 of 132)
[2024-04-04 15:10:11] Importing http.js.trap.gz (27 of 132)
[2024-04-04 15:10:11] Importing https.js.trap.gz (28 of 132)
[2024-04-04 15:10:11] Importing module.js.trap.gz (29 of 132)
[2024-04-04 15:10:11] Importing net.js.trap.gz (30 of 132)
[2024-04-04 15:10:11] Importing os.js.trap.gz (31 of 132)
[2024-04-04 15:10:11] Importing path.js.trap.gz (32 of 132)
[2024-04-04 15:10:11] Importing process.js.trap.gz (33 of 132)
[2024-04-04 15:10:11] Importing punycode.js.trap.gz (34 of 132)
[2024-04-04 15:10:11] Importing querystring.js.trap.gz (35 of 132)
[2024-04-04 15:10:11] Importing readline.js.trap.gz (36 of 132)
[2024-04-04 15:10:11] Importing repl.js.trap.gz (37 of 132)
[2024-04-04 15:10:12] Importing stream.js.trap.gz (38 of 132)
[2024-04-04 15:10:12] Importing string_decoder.js.trap.gz (39 of 132)
[2024-04-04 15:10:12] Importing sys.js.trap.gz (40 of 132)
[2024-04-04 15:10:12] Importing timers.js.trap.gz (41 of 132)
[2024-04-04 15:10:12] Importing tls.js.trap.gz (42 of 132)
[2024-04-04 15:10:12] Importing tty.js.trap.gz (43 of 132)
[2024-04-04 15:10:12] Importing url.js.trap.gz (44 of 132)
[2024-04-04 15:10:12] Importing util.js.trap.gz (45 of 132)
[2024-04-04 15:10:12] Importing v8.js.trap.gz (46 of 132)
[2024-04-04 15:10:12] Importing vm.js.trap.gz (47 of 132)
[2024-04-04 15:10:12] Importing zlib.js.trap.gz (48 of 132)
[2024-04-04 15:10:12] Importing jsshell.js.trap.gz (49 of 132)
[2024-04-04 15:10:12] Importing rhino.js.trap.gz (50 of 132)
[2024-04-04 15:10:12] Importing spidermonkey.js.trap.gz (51 of 132)
[2024-04-04 15:10:12] Importing v8.js.trap.gz (52 of 132)
[2024-04-04 15:10:12] Importing chrome.js.trap.gz (53 of 132)
[2024-04-04 15:10:12] Importing fetchapi.js.trap.gz (54 of 132)
[2024-04-04 15:10:12] Importing fileapi.js.trap.gz (55 of 132)
[2024-04-04 15:10:12] Importing flash.js.trap.gz (56 of 132)
[2024-04-04 15:10:12] Importing gecko_css.js.trap.gz (57 of 132)
[2024-04-04 15:10:12] Importing gecko_dom.js.trap.gz (58 of 132)
[2024-04-04 15:10:13] Importing gecko_event.js.trap.gz (59 of 132)
[2024-04-04 15:10:13] Importing gecko_ext.js.trap.gz (60 of 132)
[2024-04-04 15:10:13] Importing gecko_xml.js.trap.gz (61 of 132)
[2024-04-04 15:10:13] Importing html5.js.trap.gz (62 of 132)
[2024-04-04 15:10:13] Importing ie_css.js.trap.gz (63 of 132)
[2024-04-04 15:10:13] Importing ie_dom.js.trap.gz (64 of 132)
[2024-04-04 15:10:14] Importing ie_event.js.trap.gz (65 of 132)
[2024-04-04 15:10:14] Importing ie_vml.js.trap.gz (66 of 132)
[2024-04-04 15:10:14] Importing intl.js.trap.gz (67 of 132)
[2024-04-04 15:10:14] Importing iphone.js.trap.gz (68 of 132)
[2024-04-04 15:10:14] Importing mediasource.js.trap.gz (69 of 132)
[2024-04-04 15:10:14] Importing page_visibility.js.trap.gz (70 of 132)
[2024-04-04 15:10:14] Importing streamsapi.js.trap.gz (71 of 132)
[2024-04-04 15:10:14] Importing url.js.trap.gz (72 of 132)
[2024-04-04 15:10:14] Importing w3c_anim_timing.js.trap.gz (73 of 132)
[2024-04-04 15:10:14] Importing w3c_batterystatus.js.trap.gz (74 of 132)
[2024-04-04 15:10:14] Importing w3c_css.js.trap.gz (75 of 132)
[2024-04-04 15:10:14] Importing w3c_css3d.js.trap.gz (76 of 132)
[2024-04-04 15:10:14] Importing w3c_device_sensor_event.js.trap.gz (77 of 132)
[2024-04-04 15:10:14] Importing w3c_dom1.js.trap.gz (78 of 132)
[2024-04-04 15:10:14] Importing w3c_dom2.js.trap.gz (79 of 132)
[2024-04-04 15:10:14] Importing w3c_dom3.js.trap.gz (80 of 132)
[2024-04-04 15:10:14] Importing w3c_dom4.js.trap.gz (81 of 132)
[2024-04-04 15:10:14] Importing w3c_elementtraversal.js.trap.gz (82 of 132)
[2024-04-04 15:10:14] Importing w3c_encoding.js.trap.gz (83 of 132)
[2024-04-04 15:10:14] Importing w3c_event.js.trap.gz (84 of 132)
[2024-04-04 15:10:15] Importing w3c_event3.js.trap.gz (85 of 132)
[2024-04-04 15:10:15] Importing w3c_gamepad.js.trap.gz (86 of 132)
[2024-04-04 15:10:15] Importing w3c_geolocation.js.trap.gz (87 of 132)
[2024-04-04 15:10:15] Importing w3c_indexeddb.js.trap.gz (88 of 132)
[2024-04-04 15:10:15] Importing w3c_midi.js.trap.gz (89 of 132)
[2024-04-04 15:10:15] Importing w3c_navigation_timing.js.trap.gz (90 of 132)
[2024-04-04 15:10:15] Importing w3c_permissions.js.trap.gz (91 of 132)
[2024-04-04 15:10:15] Importing w3c_pointer_events.js.trap.gz (92 of 132)
[2024-04-04 15:10:15] Importing w3c_range.js.trap.gz (93 of 132)
[2024-04-04 15:10:15] Importing w3c_requestidlecallback.js.trap.gz (94 of 132)
[2024-04-04 15:10:15] Importing w3c_rtc.js.trap.gz (95 of 132)
[2024-04-04 15:10:15] Importing w3c_screen_orientation.js.trap.gz (96 of 132)
[2024-04-04 15:10:15] Importing w3c_selectors.js.trap.gz (97 of 132)
[2024-04-04 15:10:15] Importing w3c_serviceworker.js.trap.gz (98 of 132)
[2024-04-04 15:10:15] Importing w3c_touch_event.js.trap.gz (99 of 132)
[2024-04-04 15:10:15] Importing w3c_webcrypto.js.trap.gz (100 of 132)
[2024-04-04 15:10:15] Importing w3c_xml.js.trap.gz (101 of 132)
[2024-04-04 15:10:15] Importing webgl.js.trap.gz (102 of 132)
[2024-04-04 15:10:16] Importing webkit_css.js.trap.gz (103 of 132)
[2024-04-04 15:10:16] Importing webkit_dom.js.trap.gz (104 of 132)
[2024-04-04 15:10:16] Importing webkit_event.js.trap.gz (105 of 132)
[2024-04-04 15:10:16] Importing webkit_notifications.js.trap.gz (106 of 132)
[2024-04-04 15:10:16] Importing webkit_usercontent.js.trap.gz (107 of 132)
[2024-04-04 15:10:16] Importing webstorage.js.trap.gz (108 of 132)
[2024-04-04 15:10:16] Importing whatwg_encoding.js.trap.gz (109 of 132)
[2024-04-04 15:10:16] Importing window.js.trap.gz (110 of 132)
[2024-04-04 15:10:16] Importing config.yaml.trap.gz (111 of 132)
[2024-04-04 15:10:16] Importing manifest.js.trap.gz (112 of 132)
[2024-04-04 15:10:16] Importing application.js.trap.gz (113 of 132)
[2024-04-04 15:10:16] Importing application.js.trap.gz (114 of 132)
[2024-04-04 15:10:16] Importing hello_controller.js.trap.gz (115 of 132)
[2024-04-04 15:10:16] Importing index.js.trap.gz (116 of 132)
[2024-04-04 15:10:16] Importing testMe.js.trap.gz (117 of 132)
[2024-04-04 15:10:16] Importing index.html.erb.trap.gz (118 of 132)
[2024-04-04 15:10:16] Importing new.html.erb.trap.gz (119 of 132)
[2024-04-04 15:10:16] Importing show.html.erb.trap.gz (120 of 132)
[2024-04-04 15:10:16] Importing application.html.erb.trap.gz (121 of 132)
[2024-04-04 15:10:16] Importing mailer.html.erb.trap.gz (122 of 132)
[2024-04-04 15:10:16] Importing index.html.erb.trap.gz (123 of 132)
[2024-04-04 15:10:16] Importing cable.yml.trap.gz (124 of 132)
[2024-04-04 15:10:16] Importing database.yml.trap.gz (125 of 132)
[2024-04-04 15:10:16] Importing en.yml.trap.gz (126 of 132)
[2024-04-04 15:10:16] Importing storage.yml.trap.gz (127 of 132)
[2024-04-04 15:10:16] Importing 404.html.trap.gz (128 of 132)
[2024-04-04 15:10:16] Importing 422.html.trap.gz (129 of 132)
[2024-04-04 15:10:16] Importing 500.html.trap.gz (130 of 132)
[2024-04-04 15:10:16] Importing articles.yml.trap.gz (131 of 132)
[2024-04-04 15:10:16] Importing sourceLocationPrefix.trap.gz (132 of 132)
[2024-04-04 15:10:16] [PROGRESS] dataset import> Merging relations
[2024-04-04 15:10:17] Merging 1 fragment for 'files'.
[2024-04-04 15:10:17] Merged 1048 bytes (1.02 KiB) for 'files'.
[2024-04-04 15:10:17] Merging 1 fragment for 'folders'.
[2024-04-04 15:10:17] Merged 264 bytes for 'folders'.
[2024-04-04 15:10:17] Merging 1 fragment for 'containerparent'.
[2024-04-04 15:10:17] Merged 1304 bytes (1.27 KiB) for 'containerparent'.
[2024-04-04 15:10:17] Merging 2 fragments for 'locations_default'.
[2024-04-04 15:10:17] Merged 4541304 bytes (4.33 MiB) for 'locations_default'.
[2024-04-04 15:10:17] Merging 3 fragments for 'hasLocation'.
[2024-04-04 15:10:18] Merged 1865424 bytes (1.78 MiB) for 'hasLocation'.
[2024-04-04 15:10:18] Merging 1 fragment for 'extraction_data'.
[2024-04-04 15:10:18] Merged 2096 bytes (2.05 KiB) for 'extraction_data'.
[2024-04-04 15:10:18] Merging 1 fragment for 'scopes'.
[2024-04-04 15:10:18] Merged 31472 bytes (30.73 KiB) for 'scopes'.
[2024-04-04 15:10:18] Merging 1 fragment for 'comments'.
[2024-04-04 15:10:18] Merged 211820 bytes (206.86 KiB) for 'comments'.
[2024-04-04 15:10:18] Merging 1 fragment for 'indentation'.
[2024-04-04 15:10:18] Merged 403904 bytes (394.44 KiB) for 'indentation'.
[2024-04-04 15:10:18] Merging 1 fragment for 'numlines'.
[2024-04-04 15:10:18] Merged 4256 bytes (4.16 KiB) for 'numlines'.
[2024-04-04 15:10:18] Merging 1 fragment for 'tokeninfo'.
[2024-04-04 15:10:18] Merged 1780240 bytes (1.70 MiB) for 'tokeninfo'.
[2024-04-04 15:10:18] Merging 1 fragment for 'next_token'.
[2024-04-04 15:10:18] Merged 84728 bytes (82.74 KiB) for 'next_token'.
[2024-04-04 15:10:18] Merging 1 fragment for 'jsdoc'.
[2024-04-04 15:10:18] Merged 110076 bytes (107.50 KiB) for 'jsdoc'.
[2024-04-04 15:10:18] Merging 1 fragment for 'jsdoc_tags'.
[2024-04-04 15:10:18] Merged 362440 bytes (353.95 KiB) for 'jsdoc_tags'.
[2024-04-04 15:10:18] Merging 1 fragment for 'jsdoc_tag_descriptions'.
[2024-04-04 15:10:18] Merged 27432 bytes (26.79 KiB) for 'jsdoc_tag_descriptions'.
[2024-04-04 15:10:18] Merging 1 fragment for 'jsdoc_tag_names'.
[2024-04-04 15:10:18] Merged 39352 bytes (38.43 KiB) for 'jsdoc_tag_names'.
[2024-04-04 15:10:18] Merging 1 fragment for 'jsdoc_type_exprs'.
[2024-04-04 15:10:18] Merged 464080 bytes (453.20 KiB) for 'jsdoc_type_exprs'.
[2024-04-04 15:10:18] Merging 1 fragment for 'toplevels'.
[2024-04-04 15:10:18] Merged 1080 bytes (1.05 KiB) for 'toplevels'.
[2024-04-04 15:10:18] Merging 1 fragment for 'stmts'.
[2024-04-04 15:10:18] Merged 281280 bytes (274.69 KiB) for 'stmts'.
[2024-04-04 15:10:18] Merging 1 fragment for 'stmt_containers'.
[2024-04-04 15:10:18] Merged 112512 bytes (109.88 KiB) for 'stmt_containers'.
[2024-04-04 15:10:18] Merging 1 fragment for 'exprs'.
[2024-04-04 15:10:18] Merged 1211300 bytes (1.16 MiB) for 'exprs'.
[2024-04-04 15:10:18] Merging 1 fragment for 'enclosing_stmt'.
[2024-04-04 15:10:18] Merged 438832 bytes (428.55 KiB) for 'enclosing_stmt'.
[2024-04-04 15:10:18] Merging 1 fragment for 'expr_containers'.
[2024-04-04 15:10:18] Merged 484520 bytes (473.16 KiB) for 'expr_containers'.
[2024-04-04 15:10:18] Merging 1 fragment for 'literals'.
[2024-04-04 15:10:18] Merged 416244 bytes (406.49 KiB) for 'literals'.
[2024-04-04 15:10:18] Merging 1 fragment for 'variables'.
[2024-04-04 15:10:18] Merged 120096 bytes (117.28 KiB) for 'variables'.
[2024-04-04 15:10:18] Merging 1 fragment for 'bind'.
[2024-04-04 15:10:18] Merged 80344 bytes (78.46 KiB) for 'bind'.
[2024-04-04 15:10:18] Merging 1 fragment for 'scopenodes'.
[2024-04-04 15:10:18] Merged 31464 bytes (30.73 KiB) for 'scopenodes'.
[2024-04-04 15:10:18] Merging 1 fragment for 'scopenesting'.
[2024-04-04 15:10:18] Merged 31464 bytes (30.73 KiB) for 'scopenesting'.
[2024-04-04 15:10:18] Merging 1 fragment for 'decl'.
[2024-04-04 15:10:18] Merged 47624 bytes (46.51 KiB) for 'decl'.
[2024-04-04 15:10:18] Merging 1 fragment for 'is_arguments_object'.
[2024-04-04 15:10:18] Merged 15536 bytes (15.17 KiB) for 'is_arguments_object'.
[2024-04-04 15:10:18] Merging 1 fragment for 'entry_cfg_node'.
[2024-04-04 15:10:18] Merged 32072 bytes (31.32 KiB) for 'entry_cfg_node'.
[2024-04-04 15:10:18] Merging 1 fragment for 'exit_cfg_node'.
[2024-04-04 15:10:18] Merged 32072 bytes (31.32 KiB) for 'exit_cfg_node'.
[2024-04-04 15:10:18] Merging 1 fragment for 'successor'.
[2024-04-04 15:10:19] Merged 629824 bytes (615.06 KiB) for 'successor'.
[2024-04-04 15:10:19] Merging 1 fragment for 'is_externs'.
[2024-04-04 15:10:19] Merged 440 bytes for 'is_externs'.
[2024-04-04 15:10:19] Merging 1 fragment for 'filetype'.
[2024-04-04 15:10:19] Merged 1048 bytes (1.02 KiB) for 'filetype'.
[2024-04-04 15:10:19] Merging 1 fragment for 'extraction_time'.
[2024-04-04 15:10:19] Merged 47160 bytes (46.05 KiB) for 'extraction_time'.
[2024-04-04 15:10:19] Merging 1 fragment for 'jsdoc_prefix_qualifier'.
[2024-04-04 15:10:19] Merged 7192 bytes (7.02 KiB) for 'jsdoc_prefix_qualifier'.
[2024-04-04 15:10:19] Merging 1 fragment for 'jsdoc_errors'.
[2024-04-04 15:10:19] Merged 3200 bytes (3.12 KiB) for 'jsdoc_errors'.
[2024-04-04 15:10:19] Merging 1 fragment for 'jsdoc_record_field_name'.
[2024-04-04 15:10:19] Merged 5964 bytes (5.82 KiB) for 'jsdoc_record_field_name'.
[2024-04-04 15:10:19] Merging 1 fragment for 'jsdoc_has_new_parameter'.
[2024-04-04 15:10:19] Merged 28 bytes for 'jsdoc_has_new_parameter'.
[2024-04-04 15:10:19] Merging 1 fragment for 'properties'.
[2024-04-04 15:10:19] Merged 1720 bytes (1.68 KiB) for 'properties'.
[2024-04-04 15:10:19] Merging 1 fragment for 'regexpterm'.
[2024-04-04 15:10:19] Merged 660 bytes for 'regexpterm'.
[2024-04-04 15:10:19] Merging 1 fragment for 'regexp_const_value'.
[2024-04-04 15:10:19] Merged 232 bytes for 'regexp_const_value'.
[2024-04-04 15:10:19] Merging 1 fragment for 'guard_node'.
[2024-04-04 15:10:19] Merged 144 bytes for 'guard_node'.
[2024-04-04 15:10:19] Merging 1 fragment for 'is_module'.
[2024-04-04 15:10:19] Merged 196 bytes for 'is_module'.
[2024-04-04 15:10:19] Merging 1 fragment for 'is_nodejs'.
[2024-04-04 15:10:19] Merged 144 bytes for 'is_nodejs'.
[2024-04-04 15:10:19] Merging 1 fragment for 'yaml_scalars'.
[2024-04-04 15:10:19] Merged 1980 bytes (1.93 KiB) for 'yaml_scalars'.
[2024-04-04 15:10:19] Merging 1 fragment for 'yaml'.
[2024-04-04 15:10:19] Merged 4992 bytes (4.88 KiB) for 'yaml'.
[2024-04-04 15:10:19] Merging 1 fragment for 'yaml_locations'.
[2024-04-04 15:10:19] Merged 1664 bytes (1.62 KiB) for 'yaml_locations'.
[2024-04-04 15:10:19] Merging 1 fragment for 'is_es2015_module'.
[2024-04-04 15:10:19] Merged 16 bytes for 'is_es2015_module'.
[2024-04-04 15:10:19] Merging 1 fragment for 'local_type_names'.
[2024-04-04 15:10:19] Merged 48 bytes for 'local_type_names'.
[2024-04-04 15:10:19] Merging 1 fragment for 'local_namespace_names'.
[2024-04-04 15:10:19] Merged 48 bytes for 'local_namespace_names'.
[2024-04-04 15:10:19] Merging 1 fragment for 'typedecl'.
[2024-04-04 15:10:19] Merged 32 bytes for 'typedecl'.
[2024-04-04 15:10:19] Merging 1 fragment for 'namespacedecl'.
[2024-04-04 15:10:19] Merged 32 bytes for 'namespacedecl'.
[2024-04-04 15:10:19] Merging 1 fragment for 'is_method'.
[2024-04-04 15:10:19] Merged 8 bytes for 'is_method'.
[2024-04-04 15:10:19] Merging 1 fragment for 'has_rest_parameter'.
[2024-04-04 15:10:19] Merged 4 bytes for 'has_rest_parameter'.
[2024-04-04 15:10:19] Merging 1 fragment for 'xmlElements'.
[2024-04-04 15:10:19] Merged 1360 bytes (1.33 KiB) for 'xmlElements'.
[2024-04-04 15:10:19] Merging 1 fragment for 'xmllocations'.
[2024-04-04 15:10:19] Merged 696 bytes for 'xmllocations'.
[2024-04-04 15:10:19] Merging 1 fragment for 'template_placeholder_tag_info'.
[2024-04-04 15:10:19] Merged 264 bytes for 'template_placeholder_tag_info'.
[2024-04-04 15:10:19] Merging 1 fragment for 'js_parse_errors'.
[2024-04-04 15:10:19] Merged 160 bytes for 'js_parse_errors'.
[2024-04-04 15:10:19] Merging 1 fragment for 'toplevel_parent_xml_node'.
[2024-04-04 15:10:19] Merged 152 bytes for 'toplevel_parent_xml_node'.
[2024-04-04 15:10:19] Merging 1 fragment for 'xmlAttrs'.
[2024-04-04 15:10:19] Merged 384 bytes for 'xmlAttrs'.
[2024-04-04 15:10:19] Merging 1 fragment for 'yaml_anchors'.
[2024-04-04 15:10:19] Merged 8 bytes for 'yaml_anchors'.
[2024-04-04 15:10:19] Merging 1 fragment for 'yaml_aliases'.
[2024-04-04 15:10:19] Merged 24 bytes for 'yaml_aliases'.
[2024-04-04 15:10:19] Merging 1 fragment for 'xmlComments'.
[2024-04-04 15:10:19] Merged 48 bytes for 'xmlComments'.
[2024-04-04 15:10:19] Merging 1 fragment for 'sourceLocationPrefix'.
[2024-04-04 15:10:19] Merged 4 bytes for 'sourceLocationPrefix'.
[2024-04-04 15:10:19] Saving string and id pools to disk.
[2024-04-04 15:10:19] Finished importing TRAP files.
[2024-04-04 15:10:19] Read 43.41 MiB of uncompressed TRAP data.
[2024-04-04 15:10:19] Relation data size: 13.33 MiB (merge rate: 6.80 MiB/s)
[2024-04-04 15:10:19] String pool size: 4.78 MiB
[2024-04-04 15:10:19] ID pool size: 17.00 MiB
[2024-04-04 15:10:19] [PROGRESS] dataset import> Finished writing database (relations: 13.33 MiB; string pool: 4.78 MiB).
[2024-04-04 15:10:19] Pausing evaluation to close the cache at sequence stamp o+3
[2024-04-04 15:10:19] The disk cache is freshly trimmed; leave it be.
[2024-04-04 15:10:19] Unpausing evaluation
[2024-04-04 15:10:19] Plumbing command codeql dataset import completed.
[2024-04-04 15:10:19] [PROGRESS] database finalize> TRAP import complete (12.9s).
[2024-04-04 15:10:19] Running plumbing command: codeql database cleanup --mode=trim -- /home/frosty/Code/CodeOSS/test-checkmarx-data-project/multi-db/javascript
[2024-04-04 15:10:20] [PROGRESS] database cleanup> Cleaning up existing TRAP files after import...
[2024-04-04 15:10:20] [PROGRESS] database cleanup> TRAP files cleaned up (42ms).
[2024-04-04 15:10:20] [PROGRESS] database cleanup> Cleaning up scratch directory...
[2024-04-04 15:10:20] [PROGRESS] database cleanup> Scratch directory cleaned up (0ms).
[2024-04-04 15:10:20] Running plumbing command: codeql dataset cleanup --mode=trim -- /home/frosty/Code/CodeOSS/test-checkmarx-data-project/multi-db/javascript/db-javascript
[2024-04-04 15:10:20] [PROGRESS] dataset cleanup> Cleaning up dataset in /home/frosty/Code/CodeOSS/test-checkmarx-data-project/multi-db/javascript/db-javascript.
[2024-04-04 15:10:20] Trimming disk cache at /home/frosty/Code/CodeOSS/test-checkmarx-data-project/multi-db/javascript/db-javascript/default/cache in mode trim.
[2024-04-04 15:10:20] Sequence stamp origin is -6199902886941730234
[2024-04-04 15:10:20] Pausing evaluation to quickly trim memory at sequence stamp o+0
[2024-04-04 15:10:20] Unpausing evaluation
[2024-04-04 15:10:20] Pausing evaluation to zealously trim disk at sequence stamp o+1
[2024-04-04 15:10:20] Unpausing evaluation
[2024-04-04 15:10:20] Trimming completed (3ms): Trimmed disposable data from cache.
[2024-04-04 15:10:20] Pausing evaluation to close the cache at sequence stamp o+2
[2024-04-04 15:10:20] The disk cache is freshly trimmed; leave it be.
[2024-04-04 15:10:20] Unpausing evaluation
[2024-04-04 15:10:20] [PROGRESS] dataset cleanup> Trimmed disposable data from cache.
[2024-04-04 15:10:20] [PROGRESS] dataset cleanup> Finalizing dataset in /home/frosty/Code/CodeOSS/test-checkmarx-data-project/multi-db/javascript/db-javascript
[2024-04-04 15:10:20] [DETAILS] dataset cleanup> Finished deleting ID pool from /home/frosty/Code/CodeOSS/test-checkmarx-data-project/multi-db/javascript/db-javascript (4ms).
[2024-04-04 15:10:20] Plumbing command codeql dataset cleanup completed.
[2024-04-04 15:10:20] Plumbing command codeql database cleanup completed with status 0.
[2024-04-04 15:10:20] [PROGRESS] database finalize> Finished zipping source archive (257.13 KiB).
[2024-04-04 15:10:20] [PROGRESS] database finalize> Running TRAP import for CodeQL database at /home/frosty/Code/CodeOSS/test-checkmarx-data-project/multi-db/ruby...
[2024-04-04 15:10:20] Running plumbing command: codeql dataset import --dbscheme=/home/frosty/Code/CodeOSS/codeql/ruby/ruby.dbscheme -- /home/frosty/Code/CodeOSS/test-checkmarx-data-project/multi-db/ruby/db-ruby /home/frosty/Code/CodeOSS/test-checkmarx-data-project/multi-db/ruby/trap/ruby
[2024-04-04 15:10:20] Clearing disk cache since the version file /home/frosty/Code/CodeOSS/test-checkmarx-data-project/multi-db/ruby/db-ruby/default/cache/version does not exist
[2024-04-04 15:10:20] Tuple pool not found. Clearing relations with cached strings
[2024-04-04 15:10:20] Trimming disk cache at /home/frosty/Code/CodeOSS/test-checkmarx-data-project/multi-db/ruby/db-ruby/default/cache in mode clear.
[2024-04-04 15:10:20] Sequence stamp origin is -6199902886294062674
[2024-04-04 15:10:20] Pausing evaluation to hard-clear memory at sequence stamp o+0
[2024-04-04 15:10:20] Unpausing evaluation
[2024-04-04 15:10:20] Pausing evaluation to quickly trim disk at sequence stamp o+1
[2024-04-04 15:10:20] Unpausing evaluation
[2024-04-04 15:10:20] Pausing evaluation to zealously trim disk at sequence stamp o+2
[2024-04-04 15:10:20] Unpausing evaluation
[2024-04-04 15:10:20] Trimming completed (2ms): Purged everything.
[2024-04-04 15:10:20] Scanning for files in /home/frosty/Code/CodeOSS/test-checkmarx-data-project/multi-db/ruby/trap/ruby
[2024-04-04 15:10:20] Found 52 TRAP files (133.03 KiB)
[2024-04-04 15:10:20] [PROGRESS] dataset import> Importing TRAP files
[2024-04-04 15:10:20] Importing extras.trap.gz (1 of 52)
[2024-04-04 15:10:20] Importing Gemfile.trap.gz (2 of 52)
[2024-04-04 15:10:20] Importing channel.rb.trap.gz (3 of 52)
[2024-04-04 15:10:20] Importing connection.rb.trap.gz (4 of 52)
[2024-04-04 15:10:20] Importing application_controller.rb.trap.gz (5 of 52)
[2024-04-04 15:10:20] Importing articles_controller.rb.trap.gz (6 of 52)
[2024-04-04 15:10:20] Importing welcome_controller.rb.trap.gz (7 of 52)
[2024-04-04 15:10:20] Importing application_helper.rb.trap.gz (8 of 52)
[2024-04-04 15:10:20] Importing articles_helper.rb.trap.gz (9 of 52)
[2024-04-04 15:10:20] Importing welcome_helper.rb.trap.gz (10 of 52)
[2024-04-04 15:10:20] Importing application_job.rb.trap.gz (11 of 52)
[2024-04-04 15:10:20] Importing application_mailer.rb.trap.gz (12 of 52)
[2024-04-04 15:10:20] Importing application_record.rb.trap.gz (13 of 52)
[2024-04-04 15:10:20] Importing article.rb.trap.gz (14 of 52)
[2024-04-04 15:10:20] Importing index.html.erb.trap.gz (15 of 52)
[2024-04-04 15:10:20] Importing new.html.erb.trap.gz (16 of 52)
[2024-04-04 15:10:20] Importing raw.erb.trap.gz (17 of 52)
[2024-04-04 15:10:20] Importing show.html.erb.trap.gz (18 of 52)
[2024-04-04 15:10:20] Importing application.html.erb.trap.gz (19 of 52)
[2024-04-04 15:10:20] Importing mailer.html.erb.trap.gz (20 of 52)
[2024-04-04 15:10:20] Importing mailer.text.erb.trap.gz (21 of 52)
[2024-04-04 15:10:20] Importing index.html.erb.trap.gz (22 of 52)
[2024-04-04 15:10:20] Importing application.rb.trap.gz (23 of 52)
[2024-04-04 15:10:20] Importing boot.rb.trap.gz (24 of 52)
[2024-04-04 15:10:20] Importing environment.rb.trap.gz (25 of 52)
[2024-04-04 15:10:20] Importing development.rb.trap.gz (26 of 52)
[2024-04-04 15:10:20] Importing production.rb.trap.gz (27 of 52)
[2024-04-04 15:10:20] Importing test.rb.trap.gz (28 of 52)
[2024-04-04 15:10:20] Importing importmap.rb.trap.gz (29 of 52)
[2024-04-04 15:10:20] Importing assets.rb.trap.gz (30 of 52)
[2024-04-04 15:10:20] Importing content_security_policy.rb.trap.gz (31 of 52)
[2024-04-04 15:10:20] Importing filter_parameter_logging.rb.trap.gz (32 of 52)
[2024-04-04 15:10:20] Importing inflections.rb.trap.gz (33 of 52)
[2024-04-04 15:10:20] Importing permissions_policy.rb.trap.gz (34 of 52)
[2024-04-04 15:10:20] Importing puma.rb.trap.gz (35 of 52)
[2024-04-04 15:10:20] Importing routes.rb.trap.gz (36 of 52)
[2024-04-04 15:10:20] Importing 20220915113743_create_articles.rb.trap.gz (37 of 52)
[2024-04-04 15:10:20] Importing schema.rb.trap.gz (38 of 52)
[2024-04-04 15:10:20] Importing seeds.rb.trap.gz (39 of 52)
[2024-04-04 15:10:20] Importing application_system_test_case.rb.trap.gz (40 of 52)
[2024-04-04 15:10:20] Importing connection_test.rb.trap.gz (41 of 52)
[2024-04-04 15:10:20] Importing articles_controller_test.rb.trap.gz (42 of 52)
[2024-04-04 15:10:20] Importing welcome_controller_test.rb.trap.gz (43 of 52)
[2024-04-04 15:10:20] Importing article_test.rb.trap.gz (44 of 52)
[2024-04-04 15:10:20] Importing test_helper.rb.trap.gz (45 of 52)
[2024-04-04 15:10:20] Importing index.html.erb.trap.gz (46 of 52)
[2024-04-04 15:10:20] Importing new.html.erb.trap.gz (47 of 52)
[2024-04-04 15:10:20] Importing show.html.erb.trap.gz (48 of 52)
[2024-04-04 15:10:20] Importing application.html.erb.trap.gz (49 of 52)
[2024-04-04 15:10:20] Importing mailer.html.erb.trap.gz (50 of 52)
[2024-04-04 15:10:20] Importing index.html.erb.trap.gz (51 of 52)
[2024-04-04 15:10:20] Importing sourceLocationPrefix.trap.gz (52 of 52)
[2024-04-04 15:10:20] [PROGRESS] dataset import> Merging relations
[2024-04-04 15:10:20] Merging 1 fragment for 'files'.
[2024-04-04 15:10:20] Merged 408 bytes for 'files'.
[2024-04-04 15:10:20] Merging 1 fragment for 'locations_default'.
[2024-04-04 15:10:20] Merged 62280 bytes (60.82 KiB) for 'locations_default'.
[2024-04-04 15:10:20] Merging 1 fragment for 'containerparent'.
[2024-04-04 15:10:20] Merged 752 bytes for 'containerparent'.
[2024-04-04 15:10:20] Merging 1 fragment for 'folders'.
[2024-04-04 15:10:20] Merged 360 bytes for 'folders'.
[2024-04-04 15:10:21] Merging 1 fragment for 'ruby_ast_node_info'.
[2024-04-04 15:10:21] Merged 38752 bytes (37.84 KiB) for 'ruby_ast_node_info'.
[2024-04-04 15:10:21] Merging 1 fragment for 'ruby_tokeninfo'.
[2024-04-04 15:10:21] Merged 20076 bytes (19.61 KiB) for 'ruby_tokeninfo'.
[2024-04-04 15:10:21] Merging 1 fragment for 'ruby_string_child'.
[2024-04-04 15:10:21] Merged 1116 bytes (1.09 KiB) for 'ruby_string_child'.
[2024-04-04 15:10:21] Merging 1 fragment for 'ruby_string_def'.
[2024-04-04 15:10:21] Merged 356 bytes for 'ruby_string_def'.
[2024-04-04 15:10:21] Merging 1 fragment for 'ruby_argument_list_child'.
[2024-04-04 15:10:21] Merged 1632 bytes (1.59 KiB) for 'ruby_argument_list_child'.
[2024-04-04 15:10:21] Merging 1 fragment for 'ruby_argument_list_def'.
[2024-04-04 15:10:21] Merged 420 bytes for 'ruby_argument_list_def'.
[2024-04-04 15:10:21] Merging 1 fragment for 'ruby_call_arguments'.
[2024-04-04 15:10:21] Merged 840 bytes for 'ruby_call_arguments'.
[2024-04-04 15:10:21] Merging 1 fragment for 'ruby_call_method'.
[2024-04-04 15:10:21] Merged 1912 bytes (1.87 KiB) for 'ruby_call_method'.
[2024-04-04 15:10:21] Merging 1 fragment for 'ruby_call_def'.
[2024-04-04 15:10:21] Merged 956 bytes for 'ruby_call_def'.
[2024-04-04 15:10:21] Merging 1 fragment for 'ruby_block_parameters_child'.
[2024-04-04 15:10:21] Merged 84 bytes for 'ruby_block_parameters_child'.
[2024-04-04 15:10:21] Merging 1 fragment for 'ruby_block_parameters_def'.
[2024-04-04 15:10:21] Merged 28 bytes for 'ruby_block_parameters_def'.
[2024-04-04 15:10:21] Merging 1 fragment for 'ruby_interpolation_child'.
[2024-04-04 15:10:21] Merged 36 bytes for 'ruby_interpolation_child'.
[2024-04-04 15:10:21] Merging 1 fragment for 'ruby_interpolation_def'.
[2024-04-04 15:10:21] Merged 12 bytes for 'ruby_interpolation_def'.
[2024-04-04 15:10:21] Merging 1 fragment for 'ruby_block_body_child'.
[2024-04-04 15:10:21] Merged 72 bytes for 'ruby_block_body_child'.
[2024-04-04 15:10:21] Merging 1 fragment for 'ruby_block_body_def'.
[2024-04-04 15:10:21] Merged 24 bytes for 'ruby_block_body_def'.
[2024-04-04 15:10:21] Merging 1 fragment for 'ruby_block_body'.
[2024-04-04 15:10:21] Merged 48 bytes for 'ruby_block_body'.
[2024-04-04 15:10:21] Merging 1 fragment for 'ruby_block_parameters'.
[2024-04-04 15:10:21] Merged 8 bytes for 'ruby_block_parameters'.
[2024-04-04 15:10:21] Merging 1 fragment for 'ruby_block_def'.
[2024-04-04 15:10:21] Merged 24 bytes for 'ruby_block_def'.
[2024-04-04 15:10:21] Merging 1 fragment for 'ruby_call_block'.
[2024-04-04 15:10:21] Merged 168 bytes for 'ruby_call_block'.
[2024-04-04 15:10:21] Merging 1 fragment for 'ruby_bare_symbol_child'.
[2024-04-04 15:10:21] Merged 84 bytes for 'ruby_bare_symbol_child'.
[2024-04-04 15:10:21] Merging 1 fragment for 'ruby_bare_symbol_def'.
[2024-04-04 15:10:21] Merged 28 bytes for 'ruby_bare_symbol_def'.
[2024-04-04 15:10:21] Merging 1 fragment for 'ruby_symbol_array_child'.
[2024-04-04 15:10:21] Merged 84 bytes for 'ruby_symbol_array_child'.
[2024-04-04 15:10:21] Merging 1 fragment for 'ruby_symbol_array_def'.
[2024-04-04 15:10:21] Merged 8 bytes for 'ruby_symbol_array_def'.
[2024-04-04 15:10:21] Merging 1 fragment for 'ruby_pair_value'.
[2024-04-04 15:10:21] Merged 216 bytes for 'ruby_pair_value'.
[2024-04-04 15:10:21] Merging 1 fragment for 'ruby_pair_def'.
[2024-04-04 15:10:21] Merged 216 bytes for 'ruby_pair_def'.
[2024-04-04 15:10:21] Merging 1 fragment for 'ruby_body_statement_child'.
[2024-04-04 15:10:21] Merged 1320 bytes (1.29 KiB) for 'ruby_body_statement_child'.
[2024-04-04 15:10:21] Merging 1 fragment for 'ruby_body_statement_def'.
[2024-04-04 15:10:21] Merged 132 bytes for 'ruby_body_statement_def'.
[2024-04-04 15:10:21] Merging 1 fragment for 'ruby_do_block_body'.
[2024-04-04 15:10:21] Merged 120 bytes for 'ruby_do_block_body'.
[2024-04-04 15:10:21] Merging 1 fragment for 'ruby_do_block_def'.
[2024-04-04 15:10:21] Merged 60 bytes for 'ruby_do_block_def'.
[2024-04-04 15:10:21] Merging 1 fragment for 'ruby_program_child'.
[2024-04-04 15:10:21] Merged 1212 bytes (1.18 KiB) for 'ruby_program_child'.
[2024-04-04 15:10:21] Merging 1 fragment for 'ruby_program_def'.
[2024-04-04 15:10:21] Merged 200 bytes for 'ruby_program_def'.
[2024-04-04 15:10:21] Merging 1 fragment for 'ruby_scope_resolution_scope'.
[2024-04-04 15:10:21] Merged 176 bytes for 'ruby_scope_resolution_scope'.
[2024-04-04 15:10:21] Merging 1 fragment for 'ruby_scope_resolution_def'.
[2024-04-04 15:10:21] Merged 184 bytes for 'ruby_scope_resolution_def'.
[2024-04-04 15:10:21] Merging 1 fragment for 'ruby_superclass_def'.
[2024-04-04 15:10:21] Merged 128 bytes for 'ruby_superclass_def'.
[2024-04-04 15:10:21] Merging 1 fragment for 'ruby_class_superclass'.
[2024-04-04 15:10:21] Merged 128 bytes for 'ruby_class_superclass'.
[2024-04-04 15:10:21] Merging 1 fragment for 'ruby_class_def'.
[2024-04-04 15:10:21] Merged 136 bytes for 'ruby_class_def'.
[2024-04-04 15:10:21] Merging 1 fragment for 'ruby_module_body'.
[2024-04-04 15:10:21] Merged 24 bytes for 'ruby_module_body'.
[2024-04-04 15:10:21] Merging 1 fragment for 'ruby_module_def'.
[2024-04-04 15:10:21] Merged 48 bytes for 'ruby_module_def'.
[2024-04-04 15:10:21] Merging 1 fragment for 'ruby_method_def'.
[2024-04-04 15:10:21] Merged 64 bytes for 'ruby_method_def'.
[2024-04-04 15:10:21] Merging 1 fragment for 'ruby_call_operator'.
[2024-04-04 15:10:21] Merged 1328 bytes (1.30 KiB) for 'ruby_call_operator'.
[2024-04-04 15:10:21] Merging 1 fragment for 'ruby_call_receiver'.
[2024-04-04 15:10:21] Merged 1328 bytes (1.30 KiB) for 'ruby_call_receiver'.
[2024-04-04 15:10:21] Merging 1 fragment for 'ruby_assignment_def'.
[2024-04-04 15:10:21] Merged 696 bytes for 'ruby_assignment_def'.
[2024-04-04 15:10:21] Merging 1 fragment for 'ruby_method_body'.
[2024-04-04 15:10:21] Merged 48 bytes for 'ruby_method_body'.
[2024-04-04 15:10:21] Merging 1 fragment for 'ruby_element_reference_child'.
[2024-04-04 15:10:21] Merged 108 bytes for 'ruby_element_reference_child'.
[2024-04-04 15:10:21] Merging 1 fragment for 'ruby_element_reference_def'.
[2024-04-04 15:10:21] Merged 72 bytes for 'ruby_element_reference_def'.
[2024-04-04 15:10:21] Merging 1 fragment for 'ruby_class_body'.
[2024-04-04 15:10:21] Merged 72 bytes for 'ruby_class_body'.
[2024-04-04 15:10:21] Merging 1 fragment for 'erb_ast_node_info'.
[2024-04-04 15:10:21] Merged 4272 bytes (4.17 KiB) for 'erb_ast_node_info'.
[2024-04-04 15:10:21] Merging 1 fragment for 'erb_tokeninfo'.
[2024-04-04 15:10:21] Merged 2460 bytes (2.40 KiB) for 'erb_tokeninfo'.
[2024-04-04 15:10:21] Merging 1 fragment for 'erb_directive_child'.
[2024-04-04 15:10:21] Merged 48 bytes for 'erb_directive_child'.
[2024-04-04 15:10:21] Merging 1 fragment for 'erb_directive_def'.
[2024-04-04 15:10:21] Merged 24 bytes for 'erb_directive_def'.
[2024-04-04 15:10:21] Merging 1 fragment for 'erb_output_directive_child'.
[2024-04-04 15:10:21] Merged 336 bytes for 'erb_output_directive_child'.
[2024-04-04 15:10:21] Merging 1 fragment for 'erb_output_directive_def'.
[2024-04-04 15:10:21] Merged 168 bytes for 'erb_output_directive_def'.
[2024-04-04 15:10:21] Merging 1 fragment for 'erb_template_child'.
[2024-04-04 15:10:21] Merged 1308 bytes (1.28 KiB) for 'erb_template_child'.
[2024-04-04 15:10:21] Merging 1 fragment for 'erb_template_def'.
[2024-04-04 15:10:21] Merged 56 bytes for 'erb_template_def'.
[2024-04-04 15:10:21] Merging 1 fragment for 'ruby_do_block_parameters'.
[2024-04-04 15:10:21] Merged 48 bytes for 'ruby_do_block_parameters'.
[2024-04-04 15:10:21] Merging 1 fragment for 'ruby_yield_def'.
[2024-04-04 15:10:21] Merged 20 bytes for 'ruby_yield_def'.
[2024-04-04 15:10:21] Merging 1 fragment for 'ruby_splat_argument_child'.
[2024-04-04 15:10:21] Merged 8 bytes for 'ruby_splat_argument_child'.
[2024-04-04 15:10:21] Merging 1 fragment for 'ruby_splat_argument_def'.
[2024-04-04 15:10:21] Merged 4 bytes for 'ruby_splat_argument_def'.
[2024-04-04 15:10:21] Merging 1 fragment for 'ruby_operator_assignment_def'.
[2024-04-04 15:10:21] Merged 48 bytes for 'ruby_operator_assignment_def'.
[2024-04-04 15:10:21] Merging 1 fragment for 'ruby_hash_child'.
[2024-04-04 15:10:21] Merged 24 bytes for 'ruby_hash_child'.
[2024-04-04 15:10:21] Merging 1 fragment for 'ruby_hash_def'.
[2024-04-04 15:10:21] Merged 8 bytes for 'ruby_hash_def'.
[2024-04-04 15:10:21] Merging 1 fragment for 'ruby_then_child'.
[2024-04-04 15:10:21] Merged 84 bytes for 'ruby_then_child'.
[2024-04-04 15:10:21] Merging 1 fragment for 'ruby_then_def'.
[2024-04-04 15:10:21] Merged 8 bytes for 'ruby_then_def'.
[2024-04-04 15:10:21] Merging 1 fragment for 'ruby_else_child'.
[2024-04-04 15:10:21] Merged 24 bytes for 'ruby_else_child'.
[2024-04-04 15:10:21] Merging 1 fragment for 'ruby_else_def'.
[2024-04-04 15:10:21] Merged 4 bytes for 'ruby_else_def'.
[2024-04-04 15:10:21] Merging 1 fragment for 'ruby_if_alternative'.
[2024-04-04 15:10:21] Merged 8 bytes for 'ruby_if_alternative'.
[2024-04-04 15:10:21] Merging 1 fragment for 'ruby_if_consequence'.
[2024-04-04 15:10:21] Merged 16 bytes for 'ruby_if_consequence'.
[2024-04-04 15:10:21] Merging 1 fragment for 'ruby_if_def'.
[2024-04-04 15:10:21] Merged 16 bytes for 'ruby_if_def'.
[2024-04-04 15:10:21] Merging 1 fragment for 'ruby_array_def'.
[2024-04-04 15:10:21] Merged 20 bytes for 'ruby_array_def'.
[2024-04-04 15:10:21] Merging 1 fragment for 'ruby_array_child'.
[2024-04-04 15:10:21] Merged 144 bytes for 'ruby_array_child'.
[2024-04-04 15:10:21] Merging 1 fragment for 'ruby_binary_def'.
[2024-04-04 15:10:21] Merged 16 bytes for 'ruby_binary_def'.
[2024-04-04 15:10:21] Merging 1 fragment for 'ruby_if_modifier_def'.
[2024-04-04 15:10:21] Merged 12 bytes for 'ruby_if_modifier_def'.
[2024-04-04 15:10:21] Merging 1 fragment for 'sourceLocationPrefix'.
[2024-04-04 15:10:21] Merged 4 bytes for 'sourceLocationPrefix'.
[2024-04-04 15:10:21] Saving string and id pools to disk.
[2024-04-04 15:10:21] Finished importing TRAP files.
[2024-04-04 15:10:21] Read 451.93 KiB of uncompressed TRAP data.
[2024-04-04 15:10:21] Relation data size: 144.31 KiB (merge rate: 1.19 MiB/s)
[2024-04-04 15:10:21] String pool size: 2.06 MiB
[2024-04-04 15:10:21] ID pool size: 1.03 MiB
[2024-04-04 15:10:21] [PROGRESS] dataset import> Finished writing database (relations: 144.31 KiB; string pool: 2.06 MiB).
[2024-04-04 15:10:21] Pausing evaluation to close the cache at sequence stamp o+3
[2024-04-04 15:10:21] The disk cache is freshly trimmed; leave it be.
[2024-04-04 15:10:21] Unpausing evaluation
[2024-04-04 15:10:21] Plumbing command codeql dataset import completed.
[2024-04-04 15:10:21] [PROGRESS] database finalize> TRAP import complete (1s).
[2024-04-04 15:10:21] Running plumbing command: codeql database cleanup --mode=trim -- /home/frosty/Code/CodeOSS/test-checkmarx-data-project/multi-db/ruby
[2024-04-04 15:10:21] [PROGRESS] database cleanup> Cleaning up existing TRAP files after import...
[2024-04-04 15:10:21] [PROGRESS] database cleanup> TRAP files cleaned up (20ms).
[2024-04-04 15:10:21] [PROGRESS] database cleanup> Cleaning up scratch directory...
[2024-04-04 15:10:21] [PROGRESS] database cleanup> Scratch directory cleaned up (2ms).
[2024-04-04 15:10:21] Running plumbing command: codeql dataset cleanup --mode=trim -- /home/frosty/Code/CodeOSS/test-checkmarx-data-project/multi-db/ruby/db-ruby
[2024-04-04 15:10:21] [PROGRESS] dataset cleanup> Cleaning up dataset in /home/frosty/Code/CodeOSS/test-checkmarx-data-project/multi-db/ruby/db-ruby.
[2024-04-04 15:10:21] Trimming disk cache at /home/frosty/Code/CodeOSS/test-checkmarx-data-project/multi-db/ruby/db-ruby/default/cache in mode trim.
[2024-04-04 15:10:21] Sequence stamp origin is -6199902881639754577
[2024-04-04 15:10:21] Pausing evaluation to quickly trim memory at sequence stamp o+0
[2024-04-04 15:10:21] Unpausing evaluation
[2024-04-04 15:10:21] Pausing evaluation to zealously trim disk at sequence stamp o+1
[2024-04-04 15:10:21] Unpausing evaluation
[2024-04-04 15:10:21] Trimming completed (15ms): Trimmed disposable data from cache.
[2024-04-04 15:10:21] Pausing evaluation to close the cache at sequence stamp o+2
[2024-04-04 15:10:21] The disk cache is freshly trimmed; leave it be.
[2024-04-04 15:10:21] Unpausing evaluation
[2024-04-04 15:10:21] [PROGRESS] dataset cleanup> Trimmed disposable data from cache.
[2024-04-04 15:10:21] [PROGRESS] dataset cleanup> Finalizing dataset in /home/frosty/Code/CodeOSS/test-checkmarx-data-project/multi-db/ruby/db-ruby
[2024-04-04 15:10:21] [DETAILS] dataset cleanup> Finished deleting ID pool from /home/frosty/Code/CodeOSS/test-checkmarx-data-project/multi-db/ruby/db-ruby (2ms).
[2024-04-04 15:10:21] Plumbing command codeql dataset cleanup completed.
[2024-04-04 15:10:21] Plumbing command codeql database cleanup completed with status 0.
[2024-04-04 15:10:21] [PROGRESS] database finalize> Finished zipping source archive (27.96 KiB).
[2024-04-04 15:10:21] Plumbing command codeql database finalize completed.
[2024-04-04 15:10:21] [PROGRESS] database create> Successfully created databases at /home/frosty/Code/CodeOSS/test-checkmarx-data-project/multi-db.
[2024-04-04 15:10:21] Terminating normally.
