[2024-04-04 15:10:04] This is codeql database index-files --include-extension=.rb --include-extension=.erb --include-extension=.gemspec --include=**/Gemfile --exclude=**/.git --size-limit=5m --language=ruby --working-dir=. /home/frosty/Code/CodeOSS/test-checkmarx-data-project/multi-db/ruby
[2024-04-04 15:10:04] Log file was started late.
[2024-04-04 15:10:05] Using index-files script /home/frosty/Code/CodeOSS/codeql/ruby/tools/index-files.sh.
[2024-04-04 15:10:05] [PROGRESS] database index-files> Scanning for files in /home/frosty/Code/CodeOSS/test-checkmarx-data-project...
[2024-04-04 15:10:05] Calling plumbing command: codeql resolve files --include-extension=.rb --include-extension=.erb --include-extension=.gemspec --include=**/Gemfile --exclude=**/.git --size-limit=5m /home/frosty/Code/CodeOSS/test-checkmarx-data-project --format=json
[2024-04-04 15:10:05] [PROGRESS] resolve files> Scanning /home/frosty/Code/CodeOSS/test-checkmarx-data-project...
[2024-04-04 15:10:05] [PROGRESS] resolve files> Scanning /home/frosty/Code/CodeOSS/test-checkmarx-data-project/config...
[2024-04-04 15:10:05] [PROGRESS] resolve files> Scanning /home/frosty/Code/CodeOSS/test-checkmarx-data-project/vividus-data...
[2024-04-04 15:10:05] [PROGRESS] resolve files> Scanning /home/frosty/Code/CodeOSS/test-checkmarx-data-project/multi-db...
[2024-04-04 15:10:05] [PROGRESS] resolve files> Scanning /home/frosty/Code/CodeOSS/test-checkmarx-data-project/multi-db/ruby...
[2024-04-04 15:10:05] [PROGRESS] resolve files> Scanning /home/frosty/Code/CodeOSS/test-checkmarx-data-project/multi-db/ruby/working...
[2024-04-04 15:10:05] [PROGRESS] resolve files> Scanning /home/frosty/Code/CodeOSS/test-checkmarx-data-project/multi-db/ruby/diagnostic...
[2024-04-04 15:10:05] [PROGRESS] resolve files> Scanning /home/frosty/Code/CodeOSS/test-checkmarx-data-project/multi-db/ruby/diagnostic/extractors...
[2024-04-04 15:10:05] [PROGRESS] resolve files> Scanning /home/frosty/Code/CodeOSS/test-checkmarx-data-project/multi-db/ruby/diagnostic/extractors/ruby...
[2024-04-04 15:10:05] [PROGRESS] resolve files> Scanning /home/frosty/Code/CodeOSS/test-checkmarx-data-project/multi-db/ruby/log...
[2024-04-04 15:10:05] [PROGRESS] resolve files> Scanning /home/frosty/Code/CodeOSS/test-checkmarx-data-project/multi-db/working...
[2024-04-04 15:10:05] [PROGRESS] resolve files> Scanning /home/frosty/Code/CodeOSS/test-checkmarx-data-project/multi-db/diagnostic...
[2024-04-04 15:10:05] [PROGRESS] resolve files> Scanning /home/frosty/Code/CodeOSS/test-checkmarx-data-project/multi-db/diagnostic/tracer...
[2024-04-04 15:10:05] [PROGRESS] resolve files> Scanning /home/frosty/Code/CodeOSS/test-checkmarx-data-project/multi-db/javascript...
[2024-04-04 15:10:05] [PROGRESS] resolve files> Scanning /home/frosty/Code/CodeOSS/test-checkmarx-data-project/multi-db/javascript/src...
[2024-04-04 15:10:05] [PROGRESS] resolve files> Scanning /home/frosty/Code/CodeOSS/test-checkmarx-data-project/multi-db/javascript/src/home...
[2024-04-04 15:10:05] [PROGRESS] resolve files> Scanning /home/frosty/Code/CodeOSS/test-checkmarx-data-project/multi-db/javascript/src/home/frosty...
[2024-04-04 15:10:05] [PROGRESS] resolve files> Scanning /home/frosty/Code/CodeOSS/test-checkmarx-data-project/multi-db/javascript/src/home/frosty/Code...
[2024-04-04 15:10:05] [PROGRESS] resolve files> Scanning /home/frosty/Code/CodeOSS/test-checkmarx-data-project/multi-db/javascript/src/home/frosty/Code/CodeOSS...
[2024-04-04 15:10:05] [PROGRESS] resolve files> Scanning /home/frosty/Code/CodeOSS/test-checkmarx-data-project/multi-db/javascript/src/home/frosty/Code/CodeOSS/codeql...
[2024-04-04 15:10:05] [PROGRESS] resolve files> Scanning /home/frosty/Code/CodeOSS/test-checkmarx-data-project/multi-db/javascript/src/home/frosty/Code/CodeOSS/codeql/javascript...
[2024-04-04 15:10:05] [PROGRESS] resolve files> Scanning /home/frosty/Code/CodeOSS/test-checkmarx-data-project/multi-db/javascript/src/home/frosty/Code/CodeOSS/codeql/javascript/tools...
[2024-04-04 15:10:05] [PROGRESS] resolve files> Scanning /home/frosty/Code/CodeOSS/test-checkmarx-data-project/multi-db/javascript/src/home/frosty/Code/CodeOSS/codeql/javascript/tools/data...
[2024-04-04 15:10:05] [PROGRESS] resolve files> Scanning /home/frosty/Code/CodeOSS/test-checkmarx-data-project/multi-db/javascript/src/home/frosty/Code/CodeOSS/codeql/javascript/tools/data/externs...
[2024-04-04 15:10:05] [PROGRESS] resolve files> Scanning /home/frosty/Code/CodeOSS/test-checkmarx-data-project/multi-db/javascript/src/home/frosty/Code/CodeOSS/codeql/javascript/tools/data/externs/web...
[2024-04-04 15:10:05] [PROGRESS] resolve files> Scanning /home/frosty/Code/CodeOSS/test-checkmarx-data-project/multi-db/javascript/src/home/frosty/Code/CodeOSS/codeql/javascript/tools/data/externs/lib...
[2024-04-04 15:10:05] [PROGRESS] resolve files> Scanning /home/frosty/Code/CodeOSS/test-checkmarx-data-project/multi-db/javascript/src/home/frosty/Code/CodeOSS/codeql/javascript/tools/data/externs/nodejs...
[2024-04-04 15:10:05] [PROGRESS] resolve files> Scanning /home/frosty/Code/CodeOSS/test-checkmarx-data-project/multi-db/javascript/src/home/frosty/Code/CodeOSS/codeql/javascript/tools/data/externs/vm...
[2024-04-04 15:10:05] [PROGRESS] resolve files> Scanning /home/frosty/Code/CodeOSS/test-checkmarx-data-project/multi-db/javascript/src/home/frosty/Code/CodeOSS/codeql/javascript/tools/data/externs/es...
[2024-04-04 15:10:05] [PROGRESS] resolve files> Scanning /home/frosty/Code/CodeOSS/test-checkmarx-data-project/multi-db/javascript/src/home/frosty/Code/CodeOSS/test-checkmarx-data-project...
[2024-04-04 15:10:05] [PROGRESS] resolve files> Scanning /home/frosty/Code/CodeOSS/test-checkmarx-data-project/multi-db/javascript/src/home/frosty/Code/CodeOSS/test-checkmarx-data-project/code...
[2024-04-04 15:10:05] [PROGRESS] resolve files> Scanning /home/frosty/Code/CodeOSS/test-checkmarx-data-project/multi-db/javascript/src/home/frosty/Code/CodeOSS/test-checkmarx-data-project/code/Test_Stored_XSS...
[2024-04-04 15:10:05] [PROGRESS] resolve files> Scanning /home/frosty/Code/CodeOSS/test-checkmarx-data-project/multi-db/javascript/src/home/frosty/Code/CodeOSS/test-checkmarx-data-project/code/Test_Stored_XSS/config...
[2024-04-04 15:10:05] [PROGRESS] resolve files> Scanning /home/frosty/Code/CodeOSS/test-checkmarx-data-project/multi-db/javascript/src/home/frosty/Code/CodeOSS/test-checkmarx-data-project/code/Test_Stored_XSS/config/locales...
[2024-04-04 15:10:05] [PROGRESS] resolve files> Scanning /home/frosty/Code/CodeOSS/test-checkmarx-data-project/multi-db/javascript/src/home/frosty/Code/CodeOSS/test-checkmarx-data-project/code/Test_Stored_XSS/app...
[2024-04-04 15:10:05] [PROGRESS] resolve files> Scanning /home/frosty/Code/CodeOSS/test-checkmarx-data-project/multi-db/javascript/src/home/frosty/Code/CodeOSS/test-checkmarx-data-project/code/Test_Stored_XSS/app/views...
[2024-04-04 15:10:05] [PROGRESS] resolve files> Scanning /home/frosty/Code/CodeOSS/test-checkmarx-data-project/multi-db/javascript/src/home/frosty/Code/CodeOSS/test-checkmarx-data-project/code/Test_Stored_XSS/app/views/welcome...
[2024-04-04 15:10:05] [PROGRESS] resolve files> Scanning /home/frosty/Code/CodeOSS/test-checkmarx-data-project/multi-db/javascript/src/home/frosty/Code/CodeOSS/test-checkmarx-data-project/code/Test_Stored_XSS/app/views/articles...
[2024-04-04 15:10:05] [PROGRESS] resolve files> Scanning /home/frosty/Code/CodeOSS/test-checkmarx-data-project/multi-db/javascript/src/home/frosty/Code/CodeOSS/test-checkmarx-data-project/code/Test_Stored_XSS/app/views/layouts...
[2024-04-04 15:10:05] [PROGRESS] resolve files> Scanning /home/frosty/Code/CodeOSS/test-checkmarx-data-project/multi-db/javascript/src/home/frosty/Code/CodeOSS/test-checkmarx-data-project/code/Test_Stored_XSS/app/assets...
[2024-04-04 15:10:05] [PROGRESS] resolve files> Scanning /home/frosty/Code/CodeOSS/test-checkmarx-data-project/multi-db/javascript/src/home/frosty/Code/CodeOSS/test-checkmarx-data-project/code/Test_Stored_XSS/app/assets/config...
[2024-04-04 15:10:05] [PROGRESS] resolve files> Scanning /home/frosty/Code/CodeOSS/test-checkmarx-data-project/multi-db/javascript/src/home/frosty/Code/CodeOSS/test-checkmarx-data-project/code/Test_Stored_XSS/app/javascript...
[2024-04-04 15:10:05] [PROGRESS] resolve files> Scanning /home/frosty/Code/CodeOSS/test-checkmarx-data-project/multi-db/javascript/src/home/frosty/Code/CodeOSS/test-checkmarx-data-project/code/Test_Stored_XSS/app/javascript/controllers...
[2024-04-04 15:10:05] [PROGRESS] resolve files> Scanning /home/frosty/Code/CodeOSS/test-checkmarx-data-project/multi-db/javascript/src/home/frosty/Code/CodeOSS/test-checkmarx-data-project/code/Test_Stored_XSS/test...
[2024-04-04 15:10:05] [PROGRESS] resolve files> Scanning /home/frosty/Code/CodeOSS/test-checkmarx-data-project/multi-db/javascript/src/home/frosty/Code/CodeOSS/test-checkmarx-data-project/code/Test_Stored_XSS/test/fixtures...
[2024-04-04 15:10:05] [PROGRESS] resolve files> Scanning /home/frosty/Code/CodeOSS/test-checkmarx-data-project/multi-db/javascript/src/home/frosty/Code/CodeOSS/test-checkmarx-data-project/code/Test_Stored_XSS/public...
[2024-04-04 15:10:05] [PROGRESS] resolve files> Scanning /home/frosty/Code/CodeOSS/test-checkmarx-data-project/multi-db/javascript/src/home/frosty/Code/CodeOSS/test-checkmarx-data-project/carrier...
[2024-04-04 15:10:05] [PROGRESS] resolve files> Scanning /home/frosty/Code/CodeOSS/test-checkmarx-data-project/multi-db/javascript/working...
[2024-04-04 15:10:05] [PROGRESS] resolve files> Scanning /home/frosty/Code/CodeOSS/test-checkmarx-data-project/multi-db/javascript/diagnostic...
[2024-04-04 15:10:05] [PROGRESS] resolve files> Scanning /home/frosty/Code/CodeOSS/test-checkmarx-data-project/multi-db/javascript/diagnostic/extractors...
[2024-04-04 15:10:05] [PROGRESS] resolve files> Scanning /home/frosty/Code/CodeOSS/test-checkmarx-data-project/multi-db/javascript/diagnostic/extractors/javascript...
[2024-04-04 15:10:05] [PROGRESS] resolve files> Scanning /home/frosty/Code/CodeOSS/test-checkmarx-data-project/multi-db/javascript/trap...
[2024-04-04 15:10:05] [PROGRESS] resolve files> Scanning /home/frosty/Code/CodeOSS/test-checkmarx-data-project/multi-db/javascript/trap/javascript...
[2024-04-04 15:10:05] [PROGRESS] resolve files> Scanning /home/frosty/Code/CodeOSS/test-checkmarx-data-project/multi-db/javascript/trap/javascript/home...
[2024-04-04 15:10:05] [PROGRESS] resolve files> Scanning /home/frosty/Code/CodeOSS/test-checkmarx-data-project/multi-db/javascript/trap/javascript/home/frosty...
[2024-04-04 15:10:05] [PROGRESS] resolve files> Scanning /home/frosty/Code/CodeOSS/test-checkmarx-data-project/multi-db/javascript/trap/javascript/home/frosty/Code...
[2024-04-04 15:10:05] [PROGRESS] resolve files> Scanning /home/frosty/Code/CodeOSS/test-checkmarx-data-project/multi-db/javascript/trap/javascript/home/frosty/Code/CodeOSS...
[2024-04-04 15:10:05] [PROGRESS] resolve files> Scanning /home/frosty/Code/CodeOSS/test-checkmarx-data-project/multi-db/javascript/trap/javascript/home/frosty/Code/CodeOSS/codeql...
[2024-04-04 15:10:05] [PROGRESS] resolve files> Scanning /home/frosty/Code/CodeOSS/test-checkmarx-data-project/multi-db/javascript/trap/javascript/home/frosty/Code/CodeOSS/codeql/javascript...
[2024-04-04 15:10:05] [PROGRESS] resolve files> Scanning /home/frosty/Code/CodeOSS/test-checkmarx-data-project/multi-db/javascript/trap/javascript/home/frosty/Code/CodeOSS/codeql/javascript/tools...
[2024-04-04 15:10:05] [PROGRESS] resolve files> Scanning /home/frosty/Code/CodeOSS/test-checkmarx-data-project/multi-db/javascript/trap/javascript/home/frosty/Code/CodeOSS/codeql/javascript/tools/data...
[2024-04-04 15:10:05] [PROGRESS] resolve files> Scanning /home/frosty/Code/CodeOSS/test-checkmarx-data-project/multi-db/javascript/trap/javascript/home/frosty/Code/CodeOSS/codeql/javascript/tools/data/externs...
[2024-04-04 15:10:05] [PROGRESS] resolve files> Scanning /home/frosty/Code/CodeOSS/test-checkmarx-data-project/multi-db/javascript/trap/javascript/home/frosty/Code/CodeOSS/codeql/javascript/tools/data/externs/web...
[2024-04-04 15:10:05] [PROGRESS] resolve files> Scanning /home/frosty/Code/CodeOSS/test-checkmarx-data-project/multi-db/javascript/trap/javascript/home/frosty/Code/CodeOSS/codeql/javascript/tools/data/externs/lib...
[2024-04-04 15:10:05] [PROGRESS] resolve files> Scanning /home/frosty/Code/CodeOSS/test-checkmarx-data-project/multi-db/javascript/trap/javascript/home/frosty/Code/CodeOSS/codeql/javascript/tools/data/externs/nodejs...
[2024-04-04 15:10:05] [PROGRESS] resolve files> Scanning /home/frosty/Code/CodeOSS/test-checkmarx-data-project/multi-db/javascript/trap/javascript/home/frosty/Code/CodeOSS/codeql/javascript/tools/data/externs/vm...
[2024-04-04 15:10:05] [PROGRESS] resolve files> Scanning /home/frosty/Code/CodeOSS/test-checkmarx-data-project/multi-db/javascript/trap/javascript/home/frosty/Code/CodeOSS/codeql/javascript/tools/data/externs/es...
[2024-04-04 15:10:05] [PROGRESS] resolve files> Scanning /home/frosty/Code/CodeOSS/test-checkmarx-data-project/multi-db/javascript/trap/javascript/home/frosty/Code/CodeOSS/test-checkmarx-data-project...
[2024-04-04 15:10:05] [PROGRESS] resolve files> Scanning /home/frosty/Code/CodeOSS/test-checkmarx-data-project/multi-db/javascript/trap/javascript/home/frosty/Code/CodeOSS/test-checkmarx-data-project/code...
[2024-04-04 15:10:05] [PROGRESS] resolve files> Scanning /home/frosty/Code/CodeOSS/test-checkmarx-data-project/multi-db/javascript/trap/javascript/home/frosty/Code/CodeOSS/test-checkmarx-data-project/code/Test_Stored_XSS...
[2024-04-04 15:10:05] [PROGRESS] resolve files> Scanning /home/frosty/Code/CodeOSS/test-checkmarx-data-project/multi-db/javascript/trap/javascript/home/frosty/Code/CodeOSS/test-checkmarx-data-project/code/Test_Stored_XSS/config...
[2024-04-04 15:10:05] [PROGRESS] resolve files> Scanning /home/frosty/Code/CodeOSS/test-checkmarx-data-project/multi-db/javascript/trap/javascript/home/frosty/Code/CodeOSS/test-checkmarx-data-project/code/Test_Stored_XSS/config/locales...
[2024-04-04 15:10:05] [PROGRESS] resolve files> Scanning /home/frosty/Code/CodeOSS/test-checkmarx-data-project/multi-db/javascript/trap/javascript/home/frosty/Code/CodeOSS/test-checkmarx-data-project/code/Test_Stored_XSS/app...
[2024-04-04 15:10:05] [PROGRESS] resolve files> Scanning /home/frosty/Code/CodeOSS/test-checkmarx-data-project/multi-db/javascript/trap/javascript/home/frosty/Code/CodeOSS/test-checkmarx-data-project/code/Test_Stored_XSS/app/views...
[2024-04-04 15:10:05] [PROGRESS] resolve files> Scanning /home/frosty/Code/CodeOSS/test-checkmarx-data-project/multi-db/javascript/trap/javascript/home/frosty/Code/CodeOSS/test-checkmarx-data-project/code/Test_Stored_XSS/app/views/welcome...
[2024-04-04 15:10:05] [PROGRESS] resolve files> Scanning /home/frosty/Code/CodeOSS/test-checkmarx-data-project/multi-db/javascript/trap/javascript/home/frosty/Code/CodeOSS/test-checkmarx-data-project/code/Test_Stored_XSS/app/views/articles...
[2024-04-04 15:10:05] [PROGRESS] resolve files> Scanning /home/frosty/Code/CodeOSS/test-checkmarx-data-project/multi-db/javascript/trap/javascript/home/frosty/Code/CodeOSS/test-checkmarx-data-project/code/Test_Stored_XSS/app/views/layouts...
[2024-04-04 15:10:05] [PROGRESS] resolve files> Scanning /home/frosty/Code/CodeOSS/test-checkmarx-data-project/multi-db/javascript/trap/javascript/home/frosty/Code/CodeOSS/test-checkmarx-data-project/code/Test_Stored_XSS/app/assets...
[2024-04-04 15:10:05] [PROGRESS] resolve files> Scanning /home/frosty/Code/CodeOSS/test-checkmarx-data-project/multi-db/javascript/trap/javascript/home/frosty/Code/CodeOSS/test-checkmarx-data-project/code/Test_Stored_XSS/app/assets/config...
[2024-04-04 15:10:05] [PROGRESS] resolve files> Scanning /home/frosty/Code/CodeOSS/test-checkmarx-data-project/multi-db/javascript/trap/javascript/home/frosty/Code/CodeOSS/test-checkmarx-data-project/code/Test_Stored_XSS/app/javascript...
[2024-04-04 15:10:05] [PROGRESS] resolve files> Scanning /home/frosty/Code/CodeOSS/test-checkmarx-data-project/multi-db/javascript/trap/javascript/home/frosty/Code/CodeOSS/test-checkmarx-data-project/code/Test_Stored_XSS/app/javascript/controllers...
[2024-04-04 15:10:05] [PROGRESS] resolve files> Scanning /home/frosty/Code/CodeOSS/test-checkmarx-data-project/multi-db/javascript/trap/javascript/home/frosty/Code/CodeOSS/test-checkmarx-data-project/code/Test_Stored_XSS/test...
[2024-04-04 15:10:05] [PROGRESS] resolve files> Scanning /home/frosty/Code/CodeOSS/test-checkmarx-data-project/multi-db/javascript/trap/javascript/home/frosty/Code/CodeOSS/test-checkmarx-data-project/code/Test_Stored_XSS/test/fixtures...
[2024-04-04 15:10:05] [PROGRESS] resolve files> Scanning /home/frosty/Code/CodeOSS/test-checkmarx-data-project/multi-db/javascript/trap/javascript/home/frosty/Code/CodeOSS/test-checkmarx-data-project/code/Test_Stored_XSS/public...
[2024-04-04 15:10:05] [PROGRESS] resolve files> Scanning /home/frosty/Code/CodeOSS/test-checkmarx-data-project/multi-db/javascript/trap/javascript/home/frosty/Code/CodeOSS/test-checkmarx-data-project/carrier...
[2024-04-04 15:10:05] [PROGRESS] resolve files> Scanning /home/frosty/Code/CodeOSS/test-checkmarx-data-project/multi-db/javascript/log...
[2024-04-04 15:10:05] [PROGRESS] resolve files> Scanning /home/frosty/Code/CodeOSS/test-checkmarx-data-project/multi-db/log...
[2024-04-04 15:10:05] [PROGRESS] resolve files> Scanning /home/frosty/Code/CodeOSS/test-checkmarx-data-project/code...
[2024-04-04 15:10:05] [PROGRESS] resolve files> Scanning /home/frosty/Code/CodeOSS/test-checkmarx-data-project/code/Test_Stored_XSS...
[2024-04-04 15:10:05] [PROGRESS] resolve files> Scanning /home/frosty/Code/CodeOSS/test-checkmarx-data-project/code/Test_Stored_XSS/storage...
[2024-04-04 15:10:05] [PROGRESS] resolve files> Scanning /home/frosty/Code/CodeOSS/test-checkmarx-data-project/code/Test_Stored_XSS/db...
[2024-04-04 15:10:05] [PROGRESS] resolve files> Scanning /home/frosty/Code/CodeOSS/test-checkmarx-data-project/code/Test_Stored_XSS/db/migrate...
[2024-04-04 15:10:05] [PROGRESS] resolve files> Scanning /home/frosty/Code/CodeOSS/test-checkmarx-data-project/code/Test_Stored_XSS/lib...
[2024-04-04 15:10:05] [PROGRESS] resolve files> Scanning /home/frosty/Code/CodeOSS/test-checkmarx-data-project/code/Test_Stored_XSS/lib/tasks...
[2024-04-04 15:10:05] [PROGRESS] resolve files> Scanning /home/frosty/Code/CodeOSS/test-checkmarx-data-project/code/Test_Stored_XSS/lib/assets...
[2024-04-04 15:10:05] [PROGRESS] resolve files> Scanning /home/frosty/Code/CodeOSS/test-checkmarx-data-project/code/Test_Stored_XSS/config...
[2024-04-04 15:10:05] [PROGRESS] resolve files> Scanning /home/frosty/Code/CodeOSS/test-checkmarx-data-project/code/Test_Stored_XSS/config/initializers...
[2024-04-04 15:10:05] [PROGRESS] resolve files> Scanning /home/frosty/Code/CodeOSS/test-checkmarx-data-project/code/Test_Stored_XSS/config/environments...
[2024-04-04 15:10:05] [PROGRESS] resolve files> Scanning /home/frosty/Code/CodeOSS/test-checkmarx-data-project/code/Test_Stored_XSS/config/locales...
[2024-04-04 15:10:05] [PROGRESS] resolve files> Scanning /home/frosty/Code/CodeOSS/test-checkmarx-data-project/code/Test_Stored_XSS/app...
[2024-04-04 15:10:05] [PROGRESS] resolve files> Scanning /home/frosty/Code/CodeOSS/test-checkmarx-data-project/code/Test_Stored_XSS/app/views...
[2024-04-04 15:10:05] [PROGRESS] resolve files> Scanning /home/frosty/Code/CodeOSS/test-checkmarx-data-project/code/Test_Stored_XSS/app/views/welcome...
[2024-04-04 15:10:05] [PROGRESS] resolve files> Scanning /home/frosty/Code/CodeOSS/test-checkmarx-data-project/code/Test_Stored_XSS/app/views/articles...
[2024-04-04 15:10:05] [PROGRESS] resolve files> Scanning /home/frosty/Code/CodeOSS/test-checkmarx-data-project/code/Test_Stored_XSS/app/views/layouts...
[2024-04-04 15:10:05] [PROGRESS] resolve files> Scanning /home/frosty/Code/CodeOSS/test-checkmarx-data-project/code/Test_Stored_XSS/app/channels...
[2024-04-04 15:10:05] [PROGRESS] resolve files> Scanning /home/frosty/Code/CodeOSS/test-checkmarx-data-project/code/Test_Stored_XSS/app/channels/application_cable...
[2024-04-04 15:10:05] [PROGRESS] resolve files> Scanning /home/frosty/Code/CodeOSS/test-checkmarx-data-project/code/Test_Stored_XSS/app/jobs...
[2024-04-04 15:10:05] [PROGRESS] resolve files> Scanning /home/frosty/Code/CodeOSS/test-checkmarx-data-project/code/Test_Stored_XSS/app/assets...
[2024-04-04 15:10:05] [PROGRESS] resolve files> Scanning /home/frosty/Code/CodeOSS/test-checkmarx-data-project/code/Test_Stored_XSS/app/assets/config...
[2024-04-04 15:10:05] [PROGRESS] resolve files> Scanning /home/frosty/Code/CodeOSS/test-checkmarx-data-project/code/Test_Stored_XSS/app/assets/images...
[2024-04-04 15:10:05] [PROGRESS] resolve files> Scanning /home/frosty/Code/CodeOSS/test-checkmarx-data-project/code/Test_Stored_XSS/app/assets/stylesheets...
[2024-04-04 15:10:05] [PROGRESS] resolve files> Scanning /home/frosty/Code/CodeOSS/test-checkmarx-data-project/code/Test_Stored_XSS/app/helpers...
[2024-04-04 15:10:05] [PROGRESS] resolve files> Scanning /home/frosty/Code/CodeOSS/test-checkmarx-data-project/code/Test_Stored_XSS/app/controllers...
[2024-04-04 15:10:05] [PROGRESS] resolve files> Scanning /home/frosty/Code/CodeOSS/test-checkmarx-data-project/code/Test_Stored_XSS/app/controllers/concerns...
[2024-04-04 15:10:05] [PROGRESS] resolve files> Scanning /home/frosty/Code/CodeOSS/test-checkmarx-data-project/code/Test_Stored_XSS/app/models...
[2024-04-04 15:10:05] [PROGRESS] resolve files> Scanning /home/frosty/Code/CodeOSS/test-checkmarx-data-project/code/Test_Stored_XSS/app/models/concerns...
[2024-04-04 15:10:05] [PROGRESS] resolve files> Scanning /home/frosty/Code/CodeOSS/test-checkmarx-data-project/code/Test_Stored_XSS/app/javascript...
[2024-04-04 15:10:05] [PROGRESS] resolve files> Scanning /home/frosty/Code/CodeOSS/test-checkmarx-data-project/code/Test_Stored_XSS/app/javascript/controllers...
[2024-04-04 15:10:05] [PROGRESS] resolve files> Scanning /home/frosty/Code/CodeOSS/test-checkmarx-data-project/code/Test_Stored_XSS/app/mailers...
[2024-04-04 15:10:05] [PROGRESS] resolve files> Scanning /home/frosty/Code/CodeOSS/test-checkmarx-data-project/code/Test_Stored_XSS/test...
[2024-04-04 15:10:05] [PROGRESS] resolve files> Scanning /home/frosty/Code/CodeOSS/test-checkmarx-data-project/code/Test_Stored_XSS/test/channels...
[2024-04-04 15:10:05] [PROGRESS] resolve files> Scanning /home/frosty/Code/CodeOSS/test-checkmarx-data-project/code/Test_Stored_XSS/test/channels/application_cable...
[2024-04-04 15:10:05] [PROGRESS] resolve files> Scanning /home/frosty/Code/CodeOSS/test-checkmarx-data-project/code/Test_Stored_XSS/test/fixtures...
[2024-04-04 15:10:05] [PROGRESS] resolve files> Scanning /home/frosty/Code/CodeOSS/test-checkmarx-data-project/code/Test_Stored_XSS/test/fixtures/files...
[2024-04-04 15:10:05] [PROGRESS] resolve files> Scanning /home/frosty/Code/CodeOSS/test-checkmarx-data-project/code/Test_Stored_XSS/test/integration...
[2024-04-04 15:10:05] [PROGRESS] resolve files> Scanning /home/frosty/Code/CodeOSS/test-checkmarx-data-project/code/Test_Stored_XSS/test/system...
[2024-04-04 15:10:05] [PROGRESS] resolve files> Scanning /home/frosty/Code/CodeOSS/test-checkmarx-data-project/code/Test_Stored_XSS/test/helpers...
[2024-04-04 15:10:05] [PROGRESS] resolve files> Scanning /home/frosty/Code/CodeOSS/test-checkmarx-data-project/code/Test_Stored_XSS/test/controllers...
[2024-04-04 15:10:05] [PROGRESS] resolve files> Scanning /home/frosty/Code/CodeOSS/test-checkmarx-data-project/code/Test_Stored_XSS/test/models...
[2024-04-04 15:10:05] [PROGRESS] resolve files> Scanning /home/frosty/Code/CodeOSS/test-checkmarx-data-project/code/Test_Stored_XSS/test/mailers...
[2024-04-04 15:10:05] [PROGRESS] resolve files> Scanning /home/frosty/Code/CodeOSS/test-checkmarx-data-project/code/Test_Stored_XSS/bin...
[2024-04-04 15:10:05] [PROGRESS] resolve files> Scanning /home/frosty/Code/CodeOSS/test-checkmarx-data-project/code/Test_Stored_XSS/public...
[2024-04-04 15:10:05] [PROGRESS] resolve files> Scanning /home/frosty/Code/CodeOSS/test-checkmarx-data-project/code/Test_Stored_XSS/log...
[2024-04-04 15:10:05] [PROGRESS] resolve files> Scanning /home/frosty/Code/CodeOSS/test-checkmarx-data-project/code/Test_Stored_XSS/vendor...
[2024-04-04 15:10:05] [PROGRESS] resolve files> Scanning /home/frosty/Code/CodeOSS/test-checkmarx-data-project/code/Test_Stored_XSS/vendor/javascript...
[2024-04-04 15:10:05] [PROGRESS] resolve files> Scanning /home/frosty/Code/CodeOSS/test-checkmarx-data-project/test-db...
[2024-04-04 15:10:05] [PROGRESS] resolve files> Scanning /home/frosty/Code/CodeOSS/test-checkmarx-data-project/test-db/log...
[2024-04-04 15:10:05] [PROGRESS] resolve files> Scanning /home/frosty/Code/CodeOSS/test-checkmarx-data-project/tools...
[2024-04-04 15:10:05] [PROGRESS] resolve files> Scanning /home/frosty/Code/CodeOSS/test-checkmarx-data-project/carrier...
[2024-04-04 15:10:05] [PROGRESS] resolve files> Scanning /home/frosty/Code/CodeOSS/test-checkmarx-data-project/carrier/VIVIDUS...
[2024-04-04 15:10:05] [PROGRESS] resolve files> Scanning /home/frosty/Code/CodeOSS/test-checkmarx-data-project/carrier/VIVIDUS/build...
[2024-04-04 15:10:05] [PROGRESS] resolve files> Scanning /home/frosty/Code/CodeOSS/test-checkmarx-data-project/carrier/VIVIDUS/run...
[2024-04-04 15:10:05] [PROGRESS] resolve files> Scanning /home/frosty/Code/CodeOSS/test-checkmarx-data-project/carrier/DAST...
[2024-04-04 15:10:05] [PROGRESS] resolve files> Scanning /home/frosty/Code/CodeOSS/test-checkmarx-data-project/carrier/SAST...
[2024-04-04 15:10:05] [PROGRESS] resolve files> Scanning /home/frosty/Code/CodeOSS/test-checkmarx-data-project/carrier/SAST/sast...
[2024-04-04 15:10:05] [PROGRESS] resolve files> Scanning /home/frosty/Code/CodeOSS/test-checkmarx-data-project/ruby-db...
[2024-04-04 15:10:05] [PROGRESS] resolve files> Scanning /home/frosty/Code/CodeOSS/test-checkmarx-data-project/ruby-db/log...
[2024-04-04 15:10:05] Plumbing command codeql resolve files completed:
                      [
                        "/home/frosty/Code/CodeOSS/test-checkmarx-data-project/multi-db/javascript/src/home/frosty/Code/CodeOSS/test-checkmarx-data-project/code/Test_Stored_XSS/app/views/welcome/index.html.erb",
                        "/home/frosty/Code/CodeOSS/test-checkmarx-data-project/multi-db/javascript/src/home/frosty/Code/CodeOSS/test-checkmarx-data-project/code/Test_Stored_XSS/app/views/articles/index.html.erb",
                        "/home/frosty/Code/CodeOSS/test-checkmarx-data-project/multi-db/javascript/src/home/frosty/Code/CodeOSS/test-checkmarx-data-project/code/Test_Stored_XSS/app/views/articles/new.html.erb",
                        "/home/frosty/Code/CodeOSS/test-checkmarx-data-project/multi-db/javascript/src/home/frosty/Code/CodeOSS/test-checkmarx-data-project/code/Test_Stored_XSS/app/views/articles/show.html.erb",
                        "/home/frosty/Code/CodeOSS/test-checkmarx-data-project/multi-db/javascript/src/home/frosty/Code/CodeOSS/test-checkmarx-data-project/code/Test_Stored_XSS/app/views/layouts/mailer.html.erb",
                        "/home/frosty/Code/CodeOSS/test-checkmarx-data-project/multi-db/javascript/src/home/frosty/Code/CodeOSS/test-checkmarx-data-project/code/Test_Stored_XSS/app/views/layouts/application.html.erb",
                        "/home/frosty/Code/CodeOSS/test-checkmarx-data-project/code/Test_Stored_XSS/db/migrate/20220915113743_create_articles.rb",
                        "/home/frosty/Code/CodeOSS/test-checkmarx-data-project/code/Test_Stored_XSS/db/schema.rb",
                        "/home/frosty/Code/CodeOSS/test-checkmarx-data-project/code/Test_Stored_XSS/db/seeds.rb",
                        "/home/frosty/Code/CodeOSS/test-checkmarx-data-project/code/Test_Stored_XSS/config/environment.rb",
                        "/home/frosty/Code/CodeOSS/test-checkmarx-data-project/code/Test_Stored_XSS/config/routes.rb",
                        "/home/frosty/Code/CodeOSS/test-checkmarx-data-project/code/Test_Stored_XSS/config/application.rb",
                        "/home/frosty/Code/CodeOSS/test-checkmarx-data-project/code/Test_Stored_XSS/config/initializers/content_security_policy.rb",
                        "/home/frosty/Code/CodeOSS/test-checkmarx-data-project/code/Test_Stored_XSS/config/initializers/permissions_policy.rb",
                        "/home/frosty/Code/CodeOSS/test-checkmarx-data-project/code/Test_Stored_XSS/config/initializers/assets.rb",
                        "/home/frosty/Code/CodeOSS/test-checkmarx-data-project/code/Test_Stored_XSS/config/initializers/inflections.rb",
                        "/home/frosty/Code/CodeOSS/test-checkmarx-data-project/code/Test_Stored_XSS/config/initializers/filter_parameter_logging.rb",
                        "/home/frosty/Code/CodeOSS/test-checkmarx-data-project/code/Test_Stored_XSS/config/importmap.rb",
                        "/home/frosty/Code/CodeOSS/test-checkmarx-data-project/code/Test_Stored_XSS/config/boot.rb",
                        "/home/frosty/Code/CodeOSS/test-checkmarx-data-project/code/Test_Stored_XSS/config/puma.rb",
                        "/home/frosty/Code/CodeOSS/test-checkmarx-data-project/code/Test_Stored_XSS/config/environments/test.rb",
                        "/home/frosty/Code/CodeOSS/test-checkmarx-data-project/code/Test_Stored_XSS/config/environments/production.rb",
                        "/home/frosty/Code/CodeOSS/test-checkmarx-data-project/code/Test_Stored_XSS/config/environments/development.rb",
                        "/home/frosty/Code/CodeOSS/test-checkmarx-data-project/code/Test_Stored_XSS/Gemfile",
                        "/home/frosty/Code/CodeOSS/test-checkmarx-data-project/code/Test_Stored_XSS/app/views/welcome/index.html.erb",
                        "/home/frosty/Code/CodeOSS/test-checkmarx-data-project/code/Test_Stored_XSS/app/views/articles/raw.erb",
                        "/home/frosty/Code/CodeOSS/test-checkmarx-data-project/code/Test_Stored_XSS/app/views/articles/index.html.erb",
                        "/home/frosty/Code/CodeOSS/test-checkmarx-data-project/code/Test_Stored_XSS/app/views/articles/new.html.erb",
                        "/home/frosty/Code/CodeOSS/test-checkmarx-data-project/code/Test_Stored_XSS/app/views/articles/show.html.erb",
                        "/home/frosty/Code/CodeOSS/test-checkmarx-data-project/code/Test_Stored_XSS/app/views/layouts/mailer.html.erb",
                        "/home/frosty/Code/CodeOSS/test-checkmarx-data-project/code/Test_Stored_XSS/app/views/layouts/mailer.text.erb",
                        "/home/frosty/Code/CodeOSS/test-checkmarx-data-project/code/Test_Stored_XSS/app/views/layouts/application.html.erb",
                        "/home/frosty/Code/CodeOSS/test-checkmarx-data-project/code/Test_Stored_XSS/app/channels/application_cable/channel.rb",
                        "/home/frosty/Code/CodeOSS/test-checkmarx-data-project/code/Test_Stored_XSS/app/channels/application_cable/connection.rb",
                        "/home/frosty/Code/CodeOSS/test-checkmarx-data-project/code/Test_Stored_XSS/app/jobs/application_job.rb",
                        "/home/frosty/Code/CodeOSS/test-checkmarx-data-project/code/Test_Stored_XSS/app/helpers/application_helper.rb",
                        "/home/frosty/Code/CodeOSS/test-checkmarx-data-project/code/Test_Stored_XSS/app/helpers/welcome_helper.rb",
                        "/home/frosty/Code/CodeOSS/test-checkmarx-data-project/code/Test_Stored_XSS/app/helpers/articles_helper.rb",
                        "/home/frosty/Code/CodeOSS/test-checkmarx-data-project/code/Test_Stored_XSS/app/controllers/articles_controller.rb",
                        "/home/frosty/Code/CodeOSS/test-checkmarx-data-project/code/Test_Stored_XSS/app/controllers/application_controller.rb",
                        "/home/frosty/Code/CodeOSS/test-checkmarx-data-project/code/Test_Stored_XSS/app/controllers/welcome_controller.rb",
                        "/home/frosty/Code/CodeOSS/test-checkmarx-data-project/code/Test_Stored_XSS/app/models/article.rb",
                        "/home/frosty/Code/CodeOSS/test-checkmarx-data-project/code/Test_Stored_XSS/app/models/application_record.rb",
                        "/home/frosty/Code/CodeOSS/test-checkmarx-data-project/code/Test_Stored_XSS/app/mailers/application_mailer.rb",
                        "/home/frosty/Code/CodeOSS/test-checkmarx-data-project/code/Test_Stored_XSS/test/channels/application_cable/connection_test.rb",
                        "/home/frosty/Code/CodeOSS/test-checkmarx-data-project/code/Test_Stored_XSS/test/application_system_test_case.rb",
                        "/home/frosty/Code/CodeOSS/test-checkmarx-data-project/code/Test_Stored_XSS/test/controllers/articles_controller_test.rb",
                        "/home/frosty/Code/CodeOSS/test-checkmarx-data-project/code/Test_Stored_XSS/test/controllers/welcome_controller_test.rb",
                        "/home/frosty/Code/CodeOSS/test-checkmarx-data-project/code/Test_Stored_XSS/test/test_helper.rb",
                        "/home/frosty/Code/CodeOSS/test-checkmarx-data-project/code/Test_Stored_XSS/test/models/article_test.rb"
                      ]
[2024-04-04 15:10:05] [DETAILS] database index-files> Found 50 files.
[2024-04-04 15:10:05] [PROGRESS] database index-files> /home/frosty/Code/CodeOSS/test-checkmarx-data-project/multi-db/ruby: Indexing files in in /home/frosty/Code/CodeOSS/test-checkmarx-data-project...
[2024-04-04 15:10:05] Using index-files script /home/frosty/Code/CodeOSS/codeql/ruby/tools/index-files.sh.
[2024-04-04 15:10:06] [PROGRESS] database index-files> Running command in /home/frosty/Code/CodeOSS/test-checkmarx-data-project: [/home/frosty/Code/CodeOSS/codeql/ruby/tools/index-files.sh, /home/frosty/Code/CodeOSS/test-checkmarx-data-project/multi-db/ruby/working/files-to-index11836086732898709939.list]
[2024-04-04 15:10:06] Terminating normally.
